ARM GAS  C:\Users\PIERRE~1\AppData\Local\Temp\cckBzL80.s 			page 1


   1              		.cpu cortex-m0
   2              		.eabi_attribute 20, 1
   3              		.eabi_attribute 21, 1
   4              		.eabi_attribute 23, 3
   5              		.eabi_attribute 24, 1
   6              		.eabi_attribute 25, 1
   7              		.eabi_attribute 26, 1
   8              		.eabi_attribute 30, 1
   9              		.eabi_attribute 34, 0
  10              		.eabi_attribute 18, 4
  11              		.file	"syscalls.c"
  12              		.text
  13              	.Ltext0:
  14              		.cfi_sections	.debug_frame
  15              		.section	.text.initialise_monitor_handles,"ax",%progbits
  16              		.align	1
  17              		.global	initialise_monitor_handles
  18              		.arch armv6s-m
  19              		.syntax unified
  20              		.code	16
  21              		.thumb_func
  22              		.fpu softvfp
  24              	initialise_monitor_handles:
  25              	.LFB25:
  26              		.file 1 "Core/Src/syscalls.c"
   1:Core/Src/syscalls.c **** /**
   2:Core/Src/syscalls.c ****  ******************************************************************************
   3:Core/Src/syscalls.c ****  * @file      syscalls.c
   4:Core/Src/syscalls.c ****  * @author    Auto-generated by STM32CubeIDE
   5:Core/Src/syscalls.c ****  * @brief     STM32CubeIDE Minimal System calls file
   6:Core/Src/syscalls.c ****  *
   7:Core/Src/syscalls.c ****  *            For more information about which c-functions
   8:Core/Src/syscalls.c ****  *            need which of these lowlevel functions
   9:Core/Src/syscalls.c ****  *            please consult the Newlib libc-manual
  10:Core/Src/syscalls.c ****  ******************************************************************************
  11:Core/Src/syscalls.c ****  * @attention
  12:Core/Src/syscalls.c ****  *
  13:Core/Src/syscalls.c ****  * <h2><center>&copy; Copyright (c) 2020 STMicroelectronics.
  14:Core/Src/syscalls.c ****  * All rights reserved.</center></h2>
  15:Core/Src/syscalls.c ****  *
  16:Core/Src/syscalls.c ****  * This software component is licensed by ST under BSD 3-Clause license,
  17:Core/Src/syscalls.c ****  * the "License"; You may not use this file except in compliance with the
  18:Core/Src/syscalls.c ****  * License. You may obtain a copy of the License at:
  19:Core/Src/syscalls.c ****  *                        opensource.org/licenses/BSD-3-Clause
  20:Core/Src/syscalls.c ****  *
  21:Core/Src/syscalls.c ****  ******************************************************************************
  22:Core/Src/syscalls.c ****  */
  23:Core/Src/syscalls.c **** 
  24:Core/Src/syscalls.c **** /* Includes */
  25:Core/Src/syscalls.c **** #include <sys/stat.h>
  26:Core/Src/syscalls.c **** #include <stdlib.h>
  27:Core/Src/syscalls.c **** #include <errno.h>
  28:Core/Src/syscalls.c **** #include <stdio.h>
  29:Core/Src/syscalls.c **** #include <signal.h>
  30:Core/Src/syscalls.c **** #include <time.h>
  31:Core/Src/syscalls.c **** #include <sys/time.h>
  32:Core/Src/syscalls.c **** #include <sys/times.h>
ARM GAS  C:\Users\PIERRE~1\AppData\Local\Temp\cckBzL80.s 			page 2


  33:Core/Src/syscalls.c **** 
  34:Core/Src/syscalls.c **** 
  35:Core/Src/syscalls.c **** /* Variables */
  36:Core/Src/syscalls.c **** //#undef errno
  37:Core/Src/syscalls.c **** extern int errno;
  38:Core/Src/syscalls.c **** extern int __io_putchar(int ch) __attribute__((weak));
  39:Core/Src/syscalls.c **** extern int __io_getchar(void) __attribute__((weak));
  40:Core/Src/syscalls.c **** 
  41:Core/Src/syscalls.c **** register char * stack_ptr asm("sp");
  42:Core/Src/syscalls.c **** 
  43:Core/Src/syscalls.c **** char *__env[1] = { 0 };
  44:Core/Src/syscalls.c **** char **environ = __env;
  45:Core/Src/syscalls.c **** 
  46:Core/Src/syscalls.c **** 
  47:Core/Src/syscalls.c **** /* Functions */
  48:Core/Src/syscalls.c **** void initialise_monitor_handles()
  49:Core/Src/syscalls.c **** {
  27              		.loc 1 49 1 view -0
  28              		.cfi_startproc
  29              		@ args = 0, pretend = 0, frame = 0
  30              		@ frame_needed = 0, uses_anonymous_args = 0
  31              		@ link register save eliminated.
  50:Core/Src/syscalls.c **** }
  32              		.loc 1 50 1 view .LVU1
  33              		@ sp needed
  34 0000 7047     		bx	lr
  35              		.cfi_endproc
  36              	.LFE25:
  38              		.section	.text._getpid,"ax",%progbits
  39              		.align	1
  40              		.global	_getpid
  41              		.syntax unified
  42              		.code	16
  43              		.thumb_func
  44              		.fpu softvfp
  46              	_getpid:
  47              	.LFB26:
  51:Core/Src/syscalls.c **** 
  52:Core/Src/syscalls.c **** int _getpid(void)
  53:Core/Src/syscalls.c **** {
  48              		.loc 1 53 1 view -0
  49              		.cfi_startproc
  50              		@ args = 0, pretend = 0, frame = 0
  51              		@ frame_needed = 0, uses_anonymous_args = 0
  52              		@ link register save eliminated.
  54:Core/Src/syscalls.c **** 	return 1;
  53              		.loc 1 54 2 view .LVU3
  55:Core/Src/syscalls.c **** }
  54              		.loc 1 55 1 is_stmt 0 view .LVU4
  55 0000 0120     		movs	r0, #1
  56              		@ sp needed
  57 0002 7047     		bx	lr
  58              		.cfi_endproc
  59              	.LFE26:
  61              		.section	.text._kill,"ax",%progbits
  62              		.align	1
  63              		.global	_kill
ARM GAS  C:\Users\PIERRE~1\AppData\Local\Temp\cckBzL80.s 			page 3


  64              		.syntax unified
  65              		.code	16
  66              		.thumb_func
  67              		.fpu softvfp
  69              	_kill:
  70              	.LVL0:
  71              	.LFB27:
  56:Core/Src/syscalls.c **** 
  57:Core/Src/syscalls.c **** int _kill(int pid, int sig)
  58:Core/Src/syscalls.c **** {
  72              		.loc 1 58 1 is_stmt 1 view -0
  73              		.cfi_startproc
  74              		@ args = 0, pretend = 0, frame = 0
  75              		@ frame_needed = 0, uses_anonymous_args = 0
  76              		.loc 1 58 1 is_stmt 0 view .LVU6
  77 0000 10B5     		push	{r4, lr}
  78              	.LCFI0:
  79              		.cfi_def_cfa_offset 8
  80              		.cfi_offset 4, -8
  81              		.cfi_offset 14, -4
  59:Core/Src/syscalls.c **** 	errno = EINVAL;
  82              		.loc 1 59 2 is_stmt 1 view .LVU7
  83 0002 FFF7FEFF 		bl	__errno
  84              	.LVL1:
  85              		.loc 1 59 8 is_stmt 0 view .LVU8
  86 0006 1623     		movs	r3, #22
  87 0008 0360     		str	r3, [r0]
  60:Core/Src/syscalls.c **** 	return -1;
  88              		.loc 1 60 2 is_stmt 1 view .LVU9
  89              		.loc 1 60 9 is_stmt 0 view .LVU10
  90 000a 0120     		movs	r0, #1
  61:Core/Src/syscalls.c **** }
  91              		.loc 1 61 1 view .LVU11
  92 000c 4042     		rsbs	r0, r0, #0
  93              		@ sp needed
  94 000e 10BD     		pop	{r4, pc}
  95              		.cfi_endproc
  96              	.LFE27:
  98              		.section	.text._exit,"ax",%progbits
  99              		.align	1
 100              		.global	_exit
 101              		.syntax unified
 102              		.code	16
 103              		.thumb_func
 104              		.fpu softvfp
 106              	_exit:
 107              	.LVL2:
 108              	.LFB28:
  62:Core/Src/syscalls.c **** 
  63:Core/Src/syscalls.c **** void _exit (int status)
  64:Core/Src/syscalls.c **** {
 109              		.loc 1 64 1 is_stmt 1 view -0
 110              		.cfi_startproc
 111              		@ Volatile: function does not return.
 112              		@ args = 0, pretend = 0, frame = 0
 113              		@ frame_needed = 0, uses_anonymous_args = 0
 114              		.loc 1 64 1 is_stmt 0 view .LVU13
ARM GAS  C:\Users\PIERRE~1\AppData\Local\Temp\cckBzL80.s 			page 4


 115 0000 10B5     		push	{r4, lr}
 116              	.LCFI1:
 117              		.cfi_def_cfa_offset 8
 118              		.cfi_offset 4, -8
 119              		.cfi_offset 14, -4
  65:Core/Src/syscalls.c **** 	_kill(status, -1);
 120              		.loc 1 65 2 is_stmt 1 view .LVU14
 121 0002 0121     		movs	r1, #1
 122 0004 4942     		rsbs	r1, r1, #0
 123 0006 FFF7FEFF 		bl	_kill
 124              	.LVL3:
 125              	.L5:
  66:Core/Src/syscalls.c **** 	while (1) {}		/* Make sure we hang here */
 126              		.loc 1 66 2 discriminator 1 view .LVU15
 127              		.loc 1 66 13 discriminator 1 view .LVU16
 128              		.loc 1 66 8 discriminator 1 view .LVU17
 129 000a FEE7     		b	.L5
 130              		.cfi_endproc
 131              	.LFE28:
 133              		.section	.text._read,"ax",%progbits
 134              		.align	1
 135              		.weak	_read
 136              		.syntax unified
 137              		.code	16
 138              		.thumb_func
 139              		.fpu softvfp
 141              	_read:
 142              	.LVL4:
 143              	.LFB29:
  67:Core/Src/syscalls.c **** }
  68:Core/Src/syscalls.c **** 
  69:Core/Src/syscalls.c **** __attribute__((weak)) int _read(int file, char *ptr, int len)
  70:Core/Src/syscalls.c **** {
 144              		.loc 1 70 1 view -0
 145              		.cfi_startproc
 146              		@ args = 0, pretend = 0, frame = 0
 147              		@ frame_needed = 0, uses_anonymous_args = 0
 148              		.loc 1 70 1 is_stmt 0 view .LVU19
 149 0000 70B5     		push	{r4, r5, r6, lr}
 150              	.LCFI2:
 151              		.cfi_def_cfa_offset 16
 152              		.cfi_offset 4, -16
 153              		.cfi_offset 5, -12
 154              		.cfi_offset 6, -8
 155              		.cfi_offset 14, -4
 156 0002 0C00     		movs	r4, r1
 157 0004 1600     		movs	r6, r2
  71:Core/Src/syscalls.c **** 	int DataIdx;
 158              		.loc 1 71 2 is_stmt 1 view .LVU20
  72:Core/Src/syscalls.c **** 
  73:Core/Src/syscalls.c **** 	for (DataIdx = 0; DataIdx < len; DataIdx++)
 159              		.loc 1 73 2 view .LVU21
 160              	.LVL5:
 161              		.loc 1 73 15 is_stmt 0 view .LVU22
 162 0006 0025     		movs	r5, #0
 163              	.LVL6:
 164              	.L7:
ARM GAS  C:\Users\PIERRE~1\AppData\Local\Temp\cckBzL80.s 			page 5


 165              		.loc 1 73 20 is_stmt 1 discriminator 1 view .LVU23
 166              		.loc 1 73 2 is_stmt 0 discriminator 1 view .LVU24
 167 0008 B542     		cmp	r5, r6
 168 000a 05DA     		bge	.L9
  74:Core/Src/syscalls.c **** 	{
  75:Core/Src/syscalls.c **** 		*ptr++ = __io_getchar();
 169              		.loc 1 75 3 is_stmt 1 discriminator 3 view .LVU25
 170              		.loc 1 75 12 is_stmt 0 discriminator 3 view .LVU26
 171 000c FFF7FEFF 		bl	__io_getchar
 172              	.LVL7:
 173              		.loc 1 75 10 discriminator 3 view .LVU27
 174 0010 2070     		strb	r0, [r4]
  73:Core/Src/syscalls.c **** 	{
 175              		.loc 1 73 35 is_stmt 1 discriminator 3 view .LVU28
  73:Core/Src/syscalls.c **** 	{
 176              		.loc 1 73 42 is_stmt 0 discriminator 3 view .LVU29
 177 0012 0135     		adds	r5, r5, #1
 178              	.LVL8:
 179              		.loc 1 75 7 discriminator 3 view .LVU30
 180 0014 0134     		adds	r4, r4, #1
 181              	.LVL9:
 182              		.loc 1 75 7 discriminator 3 view .LVU31
 183 0016 F7E7     		b	.L7
 184              	.L9:
  76:Core/Src/syscalls.c **** 	}
  77:Core/Src/syscalls.c **** 
  78:Core/Src/syscalls.c **** return len;
 185              		.loc 1 78 1 is_stmt 1 view .LVU32
  79:Core/Src/syscalls.c **** }
 186              		.loc 1 79 1 is_stmt 0 view .LVU33
 187 0018 3000     		movs	r0, r6
 188              		@ sp needed
 189              	.LVL10:
 190              	.LVL11:
 191              	.LVL12:
 192              		.loc 1 79 1 view .LVU34
 193 001a 70BD     		pop	{r4, r5, r6, pc}
 194              		.cfi_endproc
 195              	.LFE29:
 197              		.section	.text._write,"ax",%progbits
 198              		.align	1
 199              		.weak	_write
 200              		.syntax unified
 201              		.code	16
 202              		.thumb_func
 203              		.fpu softvfp
 205              	_write:
 206              	.LVL13:
 207              	.LFB30:
  80:Core/Src/syscalls.c **** 
  81:Core/Src/syscalls.c **** __attribute__((weak)) int _write(int file, char *ptr, int len)
  82:Core/Src/syscalls.c **** {
 208              		.loc 1 82 1 is_stmt 1 view -0
 209              		.cfi_startproc
 210              		@ args = 0, pretend = 0, frame = 0
 211              		@ frame_needed = 0, uses_anonymous_args = 0
 212              		.loc 1 82 1 is_stmt 0 view .LVU36
ARM GAS  C:\Users\PIERRE~1\AppData\Local\Temp\cckBzL80.s 			page 6


 213 0000 70B5     		push	{r4, r5, r6, lr}
 214              	.LCFI3:
 215              		.cfi_def_cfa_offset 16
 216              		.cfi_offset 4, -16
 217              		.cfi_offset 5, -12
 218              		.cfi_offset 6, -8
 219              		.cfi_offset 14, -4
 220 0002 1600     		movs	r6, r2
  83:Core/Src/syscalls.c **** 	int DataIdx;
 221              		.loc 1 83 2 is_stmt 1 view .LVU37
  84:Core/Src/syscalls.c **** 
  85:Core/Src/syscalls.c **** 	for (DataIdx = 0; DataIdx < len; DataIdx++)
 222              		.loc 1 85 2 view .LVU38
 223              	.LVL14:
 224              		.loc 1 85 15 is_stmt 0 view .LVU39
 225 0004 0024     		movs	r4, #0
 226              	.LVL15:
 227              	.L11:
 228              		.loc 1 85 20 is_stmt 1 discriminator 1 view .LVU40
 229              		.loc 1 85 2 is_stmt 0 discriminator 1 view .LVU41
 230 0006 B442     		cmp	r4, r6
 231 0008 06DA     		bge	.L13
  86:Core/Src/syscalls.c **** 	{
  87:Core/Src/syscalls.c **** 		__io_putchar(*ptr++);
 232              		.loc 1 87 3 is_stmt 1 discriminator 3 view .LVU42
 233              		.loc 1 87 20 is_stmt 0 discriminator 3 view .LVU43
 234 000a 4D1C     		adds	r5, r1, #1
 235              	.LVL16:
 236              		.loc 1 87 16 discriminator 3 view .LVU44
 237 000c 0878     		ldrb	r0, [r1]
 238              		.loc 1 87 3 discriminator 3 view .LVU45
 239 000e FFF7FEFF 		bl	__io_putchar
 240              	.LVL17:
  85:Core/Src/syscalls.c **** 	{
 241              		.loc 1 85 35 is_stmt 1 discriminator 3 view .LVU46
  85:Core/Src/syscalls.c **** 	{
 242              		.loc 1 85 42 is_stmt 0 discriminator 3 view .LVU47
 243 0012 0134     		adds	r4, r4, #1
 244              	.LVL18:
 245              		.loc 1 87 20 discriminator 3 view .LVU48
 246 0014 2900     		movs	r1, r5
 247 0016 F6E7     		b	.L11
 248              	.LVL19:
 249              	.L13:
  88:Core/Src/syscalls.c **** 	}
  89:Core/Src/syscalls.c **** 	return len;
 250              		.loc 1 89 2 is_stmt 1 view .LVU49
  90:Core/Src/syscalls.c **** }
 251              		.loc 1 90 1 is_stmt 0 view .LVU50
 252 0018 3000     		movs	r0, r6
 253              		@ sp needed
 254              	.LVL20:
 255              	.LVL21:
 256              		.loc 1 90 1 view .LVU51
 257 001a 70BD     		pop	{r4, r5, r6, pc}
 258              		.cfi_endproc
 259              	.LFE30:
ARM GAS  C:\Users\PIERRE~1\AppData\Local\Temp\cckBzL80.s 			page 7


 261              		.section	.text._close,"ax",%progbits
 262              		.align	1
 263              		.global	_close
 264              		.syntax unified
 265              		.code	16
 266              		.thumb_func
 267              		.fpu softvfp
 269              	_close:
 270              	.LVL22:
 271              	.LFB31:
  91:Core/Src/syscalls.c **** 
  92:Core/Src/syscalls.c **** int _close(int file)
  93:Core/Src/syscalls.c **** {
 272              		.loc 1 93 1 is_stmt 1 view -0
 273              		.cfi_startproc
 274              		@ args = 0, pretend = 0, frame = 0
 275              		@ frame_needed = 0, uses_anonymous_args = 0
 276              		@ link register save eliminated.
  94:Core/Src/syscalls.c **** 	return -1;
 277              		.loc 1 94 2 view .LVU53
 278              		.loc 1 94 9 is_stmt 0 view .LVU54
 279 0000 0120     		movs	r0, #1
 280              	.LVL23:
  95:Core/Src/syscalls.c **** }
 281              		.loc 1 95 1 view .LVU55
 282 0002 4042     		rsbs	r0, r0, #0
 283              		@ sp needed
 284 0004 7047     		bx	lr
 285              		.cfi_endproc
 286              	.LFE31:
 288              		.section	.text._fstat,"ax",%progbits
 289              		.align	1
 290              		.global	_fstat
 291              		.syntax unified
 292              		.code	16
 293              		.thumb_func
 294              		.fpu softvfp
 296              	_fstat:
 297              	.LVL24:
 298              	.LFB32:
  96:Core/Src/syscalls.c **** 
  97:Core/Src/syscalls.c **** 
  98:Core/Src/syscalls.c **** int _fstat(int file, struct stat *st)
  99:Core/Src/syscalls.c **** {
 299              		.loc 1 99 1 is_stmt 1 view -0
 300              		.cfi_startproc
 301              		@ args = 0, pretend = 0, frame = 0
 302              		@ frame_needed = 0, uses_anonymous_args = 0
 303              		@ link register save eliminated.
 100:Core/Src/syscalls.c **** 	st->st_mode = S_IFCHR;
 304              		.loc 1 100 2 view .LVU57
 305              		.loc 1 100 14 is_stmt 0 view .LVU58
 306 0000 8023     		movs	r3, #128
 307 0002 9B01     		lsls	r3, r3, #6
 308 0004 4B60     		str	r3, [r1, #4]
 101:Core/Src/syscalls.c **** 	return 0;
 309              		.loc 1 101 2 is_stmt 1 view .LVU59
ARM GAS  C:\Users\PIERRE~1\AppData\Local\Temp\cckBzL80.s 			page 8


 102:Core/Src/syscalls.c **** }
 310              		.loc 1 102 1 is_stmt 0 view .LVU60
 311 0006 0020     		movs	r0, #0
 312              	.LVL25:
 313              		.loc 1 102 1 view .LVU61
 314              		@ sp needed
 315 0008 7047     		bx	lr
 316              		.cfi_endproc
 317              	.LFE32:
 319              		.section	.text._isatty,"ax",%progbits
 320              		.align	1
 321              		.global	_isatty
 322              		.syntax unified
 323              		.code	16
 324              		.thumb_func
 325              		.fpu softvfp
 327              	_isatty:
 328              	.LVL26:
 329              	.LFB33:
 103:Core/Src/syscalls.c **** 
 104:Core/Src/syscalls.c **** int _isatty(int file)
 105:Core/Src/syscalls.c **** {
 330              		.loc 1 105 1 is_stmt 1 view -0
 331              		.cfi_startproc
 332              		@ args = 0, pretend = 0, frame = 0
 333              		@ frame_needed = 0, uses_anonymous_args = 0
 334              		@ link register save eliminated.
 106:Core/Src/syscalls.c **** 	return 1;
 335              		.loc 1 106 2 view .LVU63
 107:Core/Src/syscalls.c **** }
 336              		.loc 1 107 1 is_stmt 0 view .LVU64
 337 0000 0120     		movs	r0, #1
 338              	.LVL27:
 339              		.loc 1 107 1 view .LVU65
 340              		@ sp needed
 341 0002 7047     		bx	lr
 342              		.cfi_endproc
 343              	.LFE33:
 345              		.section	.text._lseek,"ax",%progbits
 346              		.align	1
 347              		.global	_lseek
 348              		.syntax unified
 349              		.code	16
 350              		.thumb_func
 351              		.fpu softvfp
 353              	_lseek:
 354              	.LVL28:
 355              	.LFB34:
 108:Core/Src/syscalls.c **** 
 109:Core/Src/syscalls.c **** int _lseek(int file, int ptr, int dir)
 110:Core/Src/syscalls.c **** {
 356              		.loc 1 110 1 is_stmt 1 view -0
 357              		.cfi_startproc
 358              		@ args = 0, pretend = 0, frame = 0
 359              		@ frame_needed = 0, uses_anonymous_args = 0
 360              		@ link register save eliminated.
 111:Core/Src/syscalls.c **** 	return 0;
ARM GAS  C:\Users\PIERRE~1\AppData\Local\Temp\cckBzL80.s 			page 9


 361              		.loc 1 111 2 view .LVU67
 112:Core/Src/syscalls.c **** }
 362              		.loc 1 112 1 is_stmt 0 view .LVU68
 363 0000 0020     		movs	r0, #0
 364              	.LVL29:
 365              		.loc 1 112 1 view .LVU69
 366              		@ sp needed
 367 0002 7047     		bx	lr
 368              		.cfi_endproc
 369              	.LFE34:
 371              		.section	.text._open,"ax",%progbits
 372              		.align	1
 373              		.global	_open
 374              		.syntax unified
 375              		.code	16
 376              		.thumb_func
 377              		.fpu softvfp
 379              	_open:
 380              	.LVL30:
 381              	.LFB35:
 113:Core/Src/syscalls.c **** 
 114:Core/Src/syscalls.c **** int _open(char *path, int flags, ...)
 115:Core/Src/syscalls.c **** {
 382              		.loc 1 115 1 is_stmt 1 view -0
 383              		.cfi_startproc
 384              		@ args = 4, pretend = 12, frame = 0
 385              		@ frame_needed = 0, uses_anonymous_args = 1
 386              		@ link register save eliminated.
 387              		.loc 1 115 1 is_stmt 0 view .LVU71
 388 0000 0EB4     		push	{r1, r2, r3}
 389              	.LCFI4:
 390              		.cfi_def_cfa_offset 12
 116:Core/Src/syscalls.c **** 	/* Pretend like we always fail */
 117:Core/Src/syscalls.c **** 	return -1;
 391              		.loc 1 117 2 is_stmt 1 view .LVU72
 392              		.loc 1 117 9 is_stmt 0 view .LVU73
 393 0002 0120     		movs	r0, #1
 394              	.LVL31:
 118:Core/Src/syscalls.c **** }
 395              		.loc 1 118 1 view .LVU74
 396 0004 4042     		rsbs	r0, r0, #0
 397              		@ sp needed
 398 0006 03B0     		add	sp, sp, #12
 399 0008 7047     		bx	lr
 400              		.cfi_endproc
 401              	.LFE35:
 403              		.section	.text._wait,"ax",%progbits
 404              		.align	1
 405              		.global	_wait
 406              		.syntax unified
 407              		.code	16
 408              		.thumb_func
 409              		.fpu softvfp
 411              	_wait:
 412              	.LVL32:
 413              	.LFB36:
 119:Core/Src/syscalls.c **** 
ARM GAS  C:\Users\PIERRE~1\AppData\Local\Temp\cckBzL80.s 			page 10


 120:Core/Src/syscalls.c **** int _wait(int *status)
 121:Core/Src/syscalls.c **** {
 414              		.loc 1 121 1 is_stmt 1 view -0
 415              		.cfi_startproc
 416              		@ args = 0, pretend = 0, frame = 0
 417              		@ frame_needed = 0, uses_anonymous_args = 0
 418              		.loc 1 121 1 is_stmt 0 view .LVU76
 419 0000 10B5     		push	{r4, lr}
 420              	.LCFI5:
 421              		.cfi_def_cfa_offset 8
 422              		.cfi_offset 4, -8
 423              		.cfi_offset 14, -4
 122:Core/Src/syscalls.c **** 	errno = ECHILD;
 424              		.loc 1 122 2 is_stmt 1 view .LVU77
 425 0002 FFF7FEFF 		bl	__errno
 426              	.LVL33:
 427              		.loc 1 122 8 is_stmt 0 view .LVU78
 428 0006 0A23     		movs	r3, #10
 429 0008 0360     		str	r3, [r0]
 123:Core/Src/syscalls.c **** 	return -1;
 430              		.loc 1 123 2 is_stmt 1 view .LVU79
 431              		.loc 1 123 9 is_stmt 0 view .LVU80
 432 000a 0120     		movs	r0, #1
 124:Core/Src/syscalls.c **** }
 433              		.loc 1 124 1 view .LVU81
 434 000c 4042     		rsbs	r0, r0, #0
 435              		@ sp needed
 436 000e 10BD     		pop	{r4, pc}
 437              		.cfi_endproc
 438              	.LFE36:
 440              		.section	.text._unlink,"ax",%progbits
 441              		.align	1
 442              		.global	_unlink
 443              		.syntax unified
 444              		.code	16
 445              		.thumb_func
 446              		.fpu softvfp
 448              	_unlink:
 449              	.LVL34:
 450              	.LFB37:
 125:Core/Src/syscalls.c **** 
 126:Core/Src/syscalls.c **** int _unlink(char *name)
 127:Core/Src/syscalls.c **** {
 451              		.loc 1 127 1 is_stmt 1 view -0
 452              		.cfi_startproc
 453              		@ args = 0, pretend = 0, frame = 0
 454              		@ frame_needed = 0, uses_anonymous_args = 0
 455              		.loc 1 127 1 is_stmt 0 view .LVU83
 456 0000 10B5     		push	{r4, lr}
 457              	.LCFI6:
 458              		.cfi_def_cfa_offset 8
 459              		.cfi_offset 4, -8
 460              		.cfi_offset 14, -4
 128:Core/Src/syscalls.c **** 	errno = ENOENT;
 461              		.loc 1 128 2 is_stmt 1 view .LVU84
 462 0002 FFF7FEFF 		bl	__errno
 463              	.LVL35:
ARM GAS  C:\Users\PIERRE~1\AppData\Local\Temp\cckBzL80.s 			page 11


 464              		.loc 1 128 8 is_stmt 0 view .LVU85
 465 0006 0223     		movs	r3, #2
 466 0008 0360     		str	r3, [r0]
 129:Core/Src/syscalls.c **** 	return -1;
 467              		.loc 1 129 2 is_stmt 1 view .LVU86
 468              		.loc 1 129 9 is_stmt 0 view .LVU87
 469 000a 0120     		movs	r0, #1
 130:Core/Src/syscalls.c **** }
 470              		.loc 1 130 1 view .LVU88
 471 000c 4042     		rsbs	r0, r0, #0
 472              		@ sp needed
 473 000e 10BD     		pop	{r4, pc}
 474              		.cfi_endproc
 475              	.LFE37:
 477              		.section	.text._times,"ax",%progbits
 478              		.align	1
 479              		.global	_times
 480              		.syntax unified
 481              		.code	16
 482              		.thumb_func
 483              		.fpu softvfp
 485              	_times:
 486              	.LVL36:
 487              	.LFB38:
 131:Core/Src/syscalls.c **** 
 132:Core/Src/syscalls.c **** int _times(struct tms *buf)
 133:Core/Src/syscalls.c **** {
 488              		.loc 1 133 1 is_stmt 1 view -0
 489              		.cfi_startproc
 490              		@ args = 0, pretend = 0, frame = 0
 491              		@ frame_needed = 0, uses_anonymous_args = 0
 492              		@ link register save eliminated.
 134:Core/Src/syscalls.c **** 	return -1;
 493              		.loc 1 134 2 view .LVU90
 494              		.loc 1 134 9 is_stmt 0 view .LVU91
 495 0000 0120     		movs	r0, #1
 496              	.LVL37:
 135:Core/Src/syscalls.c **** }
 497              		.loc 1 135 1 view .LVU92
 498 0002 4042     		rsbs	r0, r0, #0
 499              		@ sp needed
 500 0004 7047     		bx	lr
 501              		.cfi_endproc
 502              	.LFE38:
 504              		.section	.text._stat,"ax",%progbits
 505              		.align	1
 506              		.global	_stat
 507              		.syntax unified
 508              		.code	16
 509              		.thumb_func
 510              		.fpu softvfp
 512              	_stat:
 513              	.LVL38:
 514              	.LFB39:
 136:Core/Src/syscalls.c **** 
 137:Core/Src/syscalls.c **** int _stat(char *file, struct stat *st)
 138:Core/Src/syscalls.c **** {
ARM GAS  C:\Users\PIERRE~1\AppData\Local\Temp\cckBzL80.s 			page 12


 515              		.loc 1 138 1 is_stmt 1 view -0
 516              		.cfi_startproc
 517              		@ args = 0, pretend = 0, frame = 0
 518              		@ frame_needed = 0, uses_anonymous_args = 0
 519              		@ link register save eliminated.
 139:Core/Src/syscalls.c **** 	st->st_mode = S_IFCHR;
 520              		.loc 1 139 2 view .LVU94
 521              		.loc 1 139 14 is_stmt 0 view .LVU95
 522 0000 8023     		movs	r3, #128
 523 0002 9B01     		lsls	r3, r3, #6
 524 0004 4B60     		str	r3, [r1, #4]
 140:Core/Src/syscalls.c **** 	return 0;
 525              		.loc 1 140 2 is_stmt 1 view .LVU96
 141:Core/Src/syscalls.c **** }
 526              		.loc 1 141 1 is_stmt 0 view .LVU97
 527 0006 0020     		movs	r0, #0
 528              	.LVL39:
 529              		.loc 1 141 1 view .LVU98
 530              		@ sp needed
 531 0008 7047     		bx	lr
 532              		.cfi_endproc
 533              	.LFE39:
 535              		.section	.text._link,"ax",%progbits
 536              		.align	1
 537              		.global	_link
 538              		.syntax unified
 539              		.code	16
 540              		.thumb_func
 541              		.fpu softvfp
 543              	_link:
 544              	.LVL40:
 545              	.LFB40:
 142:Core/Src/syscalls.c **** 
 143:Core/Src/syscalls.c **** int _link(char *old, char *new)
 144:Core/Src/syscalls.c **** {
 546              		.loc 1 144 1 is_stmt 1 view -0
 547              		.cfi_startproc
 548              		@ args = 0, pretend = 0, frame = 0
 549              		@ frame_needed = 0, uses_anonymous_args = 0
 550              		.loc 1 144 1 is_stmt 0 view .LVU100
 551 0000 10B5     		push	{r4, lr}
 552              	.LCFI7:
 553              		.cfi_def_cfa_offset 8
 554              		.cfi_offset 4, -8
 555              		.cfi_offset 14, -4
 145:Core/Src/syscalls.c **** 	errno = EMLINK;
 556              		.loc 1 145 2 is_stmt 1 view .LVU101
 557 0002 FFF7FEFF 		bl	__errno
 558              	.LVL41:
 559              		.loc 1 145 8 is_stmt 0 view .LVU102
 560 0006 1F23     		movs	r3, #31
 561 0008 0360     		str	r3, [r0]
 146:Core/Src/syscalls.c **** 	return -1;
 562              		.loc 1 146 2 is_stmt 1 view .LVU103
 563              		.loc 1 146 9 is_stmt 0 view .LVU104
 564 000a 0120     		movs	r0, #1
 147:Core/Src/syscalls.c **** }
ARM GAS  C:\Users\PIERRE~1\AppData\Local\Temp\cckBzL80.s 			page 13


 565              		.loc 1 147 1 view .LVU105
 566 000c 4042     		rsbs	r0, r0, #0
 567              		@ sp needed
 568 000e 10BD     		pop	{r4, pc}
 569              		.cfi_endproc
 570              	.LFE40:
 572              		.section	.text._fork,"ax",%progbits
 573              		.align	1
 574              		.global	_fork
 575              		.syntax unified
 576              		.code	16
 577              		.thumb_func
 578              		.fpu softvfp
 580              	_fork:
 581              	.LFB41:
 148:Core/Src/syscalls.c **** 
 149:Core/Src/syscalls.c **** int _fork(void)
 150:Core/Src/syscalls.c **** {
 582              		.loc 1 150 1 is_stmt 1 view -0
 583              		.cfi_startproc
 584              		@ args = 0, pretend = 0, frame = 0
 585              		@ frame_needed = 0, uses_anonymous_args = 0
 586 0000 10B5     		push	{r4, lr}
 587              	.LCFI8:
 588              		.cfi_def_cfa_offset 8
 589              		.cfi_offset 4, -8
 590              		.cfi_offset 14, -4
 151:Core/Src/syscalls.c **** 	errno = EAGAIN;
 591              		.loc 1 151 2 view .LVU107
 592 0002 FFF7FEFF 		bl	__errno
 593              	.LVL42:
 594              		.loc 1 151 8 is_stmt 0 view .LVU108
 595 0006 0B23     		movs	r3, #11
 596 0008 0360     		str	r3, [r0]
 152:Core/Src/syscalls.c **** 	return -1;
 597              		.loc 1 152 2 is_stmt 1 view .LVU109
 598              		.loc 1 152 9 is_stmt 0 view .LVU110
 599 000a 0120     		movs	r0, #1
 153:Core/Src/syscalls.c **** }
 600              		.loc 1 153 1 view .LVU111
 601 000c 4042     		rsbs	r0, r0, #0
 602              		@ sp needed
 603 000e 10BD     		pop	{r4, pc}
 604              		.cfi_endproc
 605              	.LFE41:
 607              		.section	.text._execve,"ax",%progbits
 608              		.align	1
 609              		.global	_execve
 610              		.syntax unified
 611              		.code	16
 612              		.thumb_func
 613              		.fpu softvfp
 615              	_execve:
 616              	.LVL43:
 617              	.LFB42:
 154:Core/Src/syscalls.c **** 
 155:Core/Src/syscalls.c **** int _execve(char *name, char **argv, char **env)
ARM GAS  C:\Users\PIERRE~1\AppData\Local\Temp\cckBzL80.s 			page 14


 156:Core/Src/syscalls.c **** {
 618              		.loc 1 156 1 is_stmt 1 view -0
 619              		.cfi_startproc
 620              		@ args = 0, pretend = 0, frame = 0
 621              		@ frame_needed = 0, uses_anonymous_args = 0
 622              		.loc 1 156 1 is_stmt 0 view .LVU113
 623 0000 10B5     		push	{r4, lr}
 624              	.LCFI9:
 625              		.cfi_def_cfa_offset 8
 626              		.cfi_offset 4, -8
 627              		.cfi_offset 14, -4
 157:Core/Src/syscalls.c **** 	errno = ENOMEM;
 628              		.loc 1 157 2 is_stmt 1 view .LVU114
 629 0002 FFF7FEFF 		bl	__errno
 630              	.LVL44:
 631              		.loc 1 157 8 is_stmt 0 view .LVU115
 632 0006 0C23     		movs	r3, #12
 633 0008 0360     		str	r3, [r0]
 158:Core/Src/syscalls.c **** 	return -1;
 634              		.loc 1 158 2 is_stmt 1 view .LVU116
 635              		.loc 1 158 9 is_stmt 0 view .LVU117
 636 000a 0120     		movs	r0, #1
 159:Core/Src/syscalls.c **** }
 637              		.loc 1 159 1 view .LVU118
 638 000c 4042     		rsbs	r0, r0, #0
 639              		@ sp needed
 640 000e 10BD     		pop	{r4, pc}
 641              		.cfi_endproc
 642              	.LFE42:
 644              		.global	environ
 645              		.global	__env
 646              		.section	.bss.__env,"aw",%nobits
 647              		.align	2
 650              	__env:
 651 0000 00000000 		.space	4
 652              		.section	.data.environ,"aw"
 653              		.align	2
 656              	environ:
 657 0000 00000000 		.word	__env
 658              		.weak	__io_putchar
 659              		.weak	__io_getchar
 660              		.text
 661              	.Letext0:
 662              		.file 2 "c:\\users\\pierre-anthony\\.vscode\\extensions\\buzzyelectronics.stm-helper-1.2.9\\armgcc
 663              		.file 3 "c:\\users\\pierre-anthony\\.vscode\\extensions\\buzzyelectronics.stm-helper-1.2.9\\armgcc
 664              		.file 4 "c:\\users\\pierre-anthony\\.vscode\\extensions\\buzzyelectronics.stm-helper-1.2.9\\armgcc
 665              		.file 5 "c:\\users\\pierre-anthony\\.vscode\\extensions\\buzzyelectronics.stm-helper-1.2.9\\armgcc
 666              		.file 6 "c:\\users\\pierre-anthony\\.vscode\\extensions\\buzzyelectronics.stm-helper-1.2.9\\armgcc
 667              		.file 7 "c:\\users\\pierre-anthony\\.vscode\\extensions\\buzzyelectronics.stm-helper-1.2.9\\armgcc
 668              		.file 8 "c:\\users\\pierre-anthony\\.vscode\\extensions\\buzzyelectronics.stm-helper-1.2.9\\armgcc
 669              		.file 9 "c:\\users\\pierre-anthony\\.vscode\\extensions\\buzzyelectronics.stm-helper-1.2.9\\armgcc
 670              		.file 10 "c:\\users\\pierre-anthony\\.vscode\\extensions\\buzzyelectronics.stm-helper-1.2.9\\armgc
 671              		.file 11 "c:\\users\\pierre-anthony\\.vscode\\extensions\\buzzyelectronics.stm-helper-1.2.9\\armgc
 672              		.file 12 "c:\\users\\pierre-anthony\\.vscode\\extensions\\buzzyelectronics.stm-helper-1.2.9\\armgc
 673              		.file 13 "c:\\users\\pierre-anthony\\.vscode\\extensions\\buzzyelectronics.stm-helper-1.2.9\\armgc
ARM GAS  C:\Users\PIERRE~1\AppData\Local\Temp\cckBzL80.s 			page 15


DEFINED SYMBOLS
                            *ABS*:0000000000000000 syscalls.c
C:\Users\PIERRE~1\AppData\Local\Temp\cckBzL80.s:16     .text.initialise_monitor_handles:0000000000000000 $t
C:\Users\PIERRE~1\AppData\Local\Temp\cckBzL80.s:24     .text.initialise_monitor_handles:0000000000000000 initialise_monitor_handles
C:\Users\PIERRE~1\AppData\Local\Temp\cckBzL80.s:39     .text._getpid:0000000000000000 $t
C:\Users\PIERRE~1\AppData\Local\Temp\cckBzL80.s:46     .text._getpid:0000000000000000 _getpid
C:\Users\PIERRE~1\AppData\Local\Temp\cckBzL80.s:62     .text._kill:0000000000000000 $t
C:\Users\PIERRE~1\AppData\Local\Temp\cckBzL80.s:69     .text._kill:0000000000000000 _kill
C:\Users\PIERRE~1\AppData\Local\Temp\cckBzL80.s:99     .text._exit:0000000000000000 $t
C:\Users\PIERRE~1\AppData\Local\Temp\cckBzL80.s:106    .text._exit:0000000000000000 _exit
C:\Users\PIERRE~1\AppData\Local\Temp\cckBzL80.s:134    .text._read:0000000000000000 $t
C:\Users\PIERRE~1\AppData\Local\Temp\cckBzL80.s:141    .text._read:0000000000000000 _read
C:\Users\PIERRE~1\AppData\Local\Temp\cckBzL80.s:198    .text._write:0000000000000000 $t
C:\Users\PIERRE~1\AppData\Local\Temp\cckBzL80.s:205    .text._write:0000000000000000 _write
C:\Users\PIERRE~1\AppData\Local\Temp\cckBzL80.s:262    .text._close:0000000000000000 $t
C:\Users\PIERRE~1\AppData\Local\Temp\cckBzL80.s:269    .text._close:0000000000000000 _close
C:\Users\PIERRE~1\AppData\Local\Temp\cckBzL80.s:289    .text._fstat:0000000000000000 $t
C:\Users\PIERRE~1\AppData\Local\Temp\cckBzL80.s:296    .text._fstat:0000000000000000 _fstat
C:\Users\PIERRE~1\AppData\Local\Temp\cckBzL80.s:320    .text._isatty:0000000000000000 $t
C:\Users\PIERRE~1\AppData\Local\Temp\cckBzL80.s:327    .text._isatty:0000000000000000 _isatty
C:\Users\PIERRE~1\AppData\Local\Temp\cckBzL80.s:346    .text._lseek:0000000000000000 $t
C:\Users\PIERRE~1\AppData\Local\Temp\cckBzL80.s:353    .text._lseek:0000000000000000 _lseek
C:\Users\PIERRE~1\AppData\Local\Temp\cckBzL80.s:372    .text._open:0000000000000000 $t
C:\Users\PIERRE~1\AppData\Local\Temp\cckBzL80.s:379    .text._open:0000000000000000 _open
C:\Users\PIERRE~1\AppData\Local\Temp\cckBzL80.s:404    .text._wait:0000000000000000 $t
C:\Users\PIERRE~1\AppData\Local\Temp\cckBzL80.s:411    .text._wait:0000000000000000 _wait
C:\Users\PIERRE~1\AppData\Local\Temp\cckBzL80.s:441    .text._unlink:0000000000000000 $t
C:\Users\PIERRE~1\AppData\Local\Temp\cckBzL80.s:448    .text._unlink:0000000000000000 _unlink
C:\Users\PIERRE~1\AppData\Local\Temp\cckBzL80.s:478    .text._times:0000000000000000 $t
C:\Users\PIERRE~1\AppData\Local\Temp\cckBzL80.s:485    .text._times:0000000000000000 _times
C:\Users\PIERRE~1\AppData\Local\Temp\cckBzL80.s:505    .text._stat:0000000000000000 $t
C:\Users\PIERRE~1\AppData\Local\Temp\cckBzL80.s:512    .text._stat:0000000000000000 _stat
C:\Users\PIERRE~1\AppData\Local\Temp\cckBzL80.s:536    .text._link:0000000000000000 $t
C:\Users\PIERRE~1\AppData\Local\Temp\cckBzL80.s:543    .text._link:0000000000000000 _link
C:\Users\PIERRE~1\AppData\Local\Temp\cckBzL80.s:573    .text._fork:0000000000000000 $t
C:\Users\PIERRE~1\AppData\Local\Temp\cckBzL80.s:580    .text._fork:0000000000000000 _fork
C:\Users\PIERRE~1\AppData\Local\Temp\cckBzL80.s:608    .text._execve:0000000000000000 $t
C:\Users\PIERRE~1\AppData\Local\Temp\cckBzL80.s:615    .text._execve:0000000000000000 _execve
C:\Users\PIERRE~1\AppData\Local\Temp\cckBzL80.s:656    .data.environ:0000000000000000 environ
C:\Users\PIERRE~1\AppData\Local\Temp\cckBzL80.s:650    .bss.__env:0000000000000000 __env
C:\Users\PIERRE~1\AppData\Local\Temp\cckBzL80.s:647    .bss.__env:0000000000000000 $d
C:\Users\PIERRE~1\AppData\Local\Temp\cckBzL80.s:653    .data.environ:0000000000000000 $d

UNDEFINED SYMBOLS
__errno
__io_getchar
__io_putchar
