ARM GAS  C:\Users\PIERRE~1\AppData\Local\Temp\cc3DQ5Dc.s 			page 1


   1              		.cpu cortex-m4
   2              		.eabi_attribute 27, 1
   3              		.eabi_attribute 28, 1
   4              		.eabi_attribute 20, 1
   5              		.eabi_attribute 21, 1
   6              		.eabi_attribute 23, 3
   7              		.eabi_attribute 24, 1
   8              		.eabi_attribute 25, 1
   9              		.eabi_attribute 26, 1
  10              		.eabi_attribute 30, 1
  11              		.eabi_attribute 34, 1
  12              		.eabi_attribute 18, 4
  13              		.file	"can.c"
  14              		.text
  15              	.Ltext0:
  16              		.cfi_sections	.debug_frame
  17              		.section	.text.MX_CAN_Init,"ax",%progbits
  18              		.align	1
  19              		.global	MX_CAN_Init
  20              		.arch armv7e-m
  21              		.syntax unified
  22              		.thumb
  23              		.thumb_func
  24              		.fpu fpv4-sp-d16
  26              	MX_CAN_Init:
  27              	.LFB123:
  28              		.file 1 "Core/Src/can.c"
   1:Core/Src/can.c **** /**
   2:Core/Src/can.c ****   ******************************************************************************
   3:Core/Src/can.c ****   * @file    can.c
   4:Core/Src/can.c ****   * @brief   This file provides code for the configuration
   5:Core/Src/can.c ****   *          of the CAN instances.
   6:Core/Src/can.c ****   ******************************************************************************
   7:Core/Src/can.c ****   * @attention
   8:Core/Src/can.c ****   *
   9:Core/Src/can.c ****   * <h2><center>&copy; Copyright (c) 2022 STMicroelectronics.
  10:Core/Src/can.c ****   * All rights reserved.</center></h2>
  11:Core/Src/can.c ****   *
  12:Core/Src/can.c ****   * This software component is licensed by ST under Ultimate Liberty license
  13:Core/Src/can.c ****   * SLA0044, the "License"; You may not use this file except in compliance with
  14:Core/Src/can.c ****   * the License. You may obtain a copy of the License at:
  15:Core/Src/can.c ****   *                             www.st.com/SLA0044
  16:Core/Src/can.c ****   *
  17:Core/Src/can.c ****   ******************************************************************************
  18:Core/Src/can.c ****   */
  19:Core/Src/can.c **** 
  20:Core/Src/can.c **** /* Includes ------------------------------------------------------------------*/
  21:Core/Src/can.c **** #include "can.h"
  22:Core/Src/can.c **** 
  23:Core/Src/can.c **** /* USER CODE BEGIN 0 */
  24:Core/Src/can.c **** 
  25:Core/Src/can.c **** /* USER CODE END 0 */
  26:Core/Src/can.c **** 
  27:Core/Src/can.c **** CAN_HandleTypeDef hcan;
  28:Core/Src/can.c **** 
  29:Core/Src/can.c **** /* CAN init function */
  30:Core/Src/can.c **** void MX_CAN_Init(void)
ARM GAS  C:\Users\PIERRE~1\AppData\Local\Temp\cc3DQ5Dc.s 			page 2


  31:Core/Src/can.c **** {
  29              		.loc 1 31 1 view -0
  30              		.cfi_startproc
  31              		@ args = 0, pretend = 0, frame = 0
  32              		@ frame_needed = 0, uses_anonymous_args = 0
  33 0000 08B5     		push	{r3, lr}
  34              	.LCFI0:
  35              		.cfi_def_cfa_offset 8
  36              		.cfi_offset 3, -8
  37              		.cfi_offset 14, -4
  32:Core/Src/can.c **** 
  33:Core/Src/can.c ****   hcan.Instance = CAN;
  38              		.loc 1 33 3 view .LVU1
  39              		.loc 1 33 17 is_stmt 0 view .LVU2
  40 0002 0B48     		ldr	r0, .L5
  41 0004 0B4B     		ldr	r3, .L5+4
  42 0006 0360     		str	r3, [r0]
  34:Core/Src/can.c ****   hcan.Init.Prescaler = 16;
  43              		.loc 1 34 3 is_stmt 1 view .LVU3
  44              		.loc 1 34 23 is_stmt 0 view .LVU4
  45 0008 1023     		movs	r3, #16
  46 000a 4360     		str	r3, [r0, #4]
  35:Core/Src/can.c ****   hcan.Init.Mode = CAN_MODE_NORMAL;
  47              		.loc 1 35 3 is_stmt 1 view .LVU5
  48              		.loc 1 35 18 is_stmt 0 view .LVU6
  49 000c 0023     		movs	r3, #0
  50 000e 8360     		str	r3, [r0, #8]
  36:Core/Src/can.c ****   hcan.Init.SyncJumpWidth = CAN_SJW_1TQ;
  51              		.loc 1 36 3 is_stmt 1 view .LVU7
  52              		.loc 1 36 27 is_stmt 0 view .LVU8
  53 0010 C360     		str	r3, [r0, #12]
  37:Core/Src/can.c ****   hcan.Init.TimeSeg1 = CAN_BS1_1TQ;
  54              		.loc 1 37 3 is_stmt 1 view .LVU9
  55              		.loc 1 37 22 is_stmt 0 view .LVU10
  56 0012 0361     		str	r3, [r0, #16]
  38:Core/Src/can.c ****   hcan.Init.TimeSeg2 = CAN_BS2_1TQ;
  57              		.loc 1 38 3 is_stmt 1 view .LVU11
  58              		.loc 1 38 22 is_stmt 0 view .LVU12
  59 0014 4361     		str	r3, [r0, #20]
  39:Core/Src/can.c ****   hcan.Init.TimeTriggeredMode = DISABLE;
  60              		.loc 1 39 3 is_stmt 1 view .LVU13
  61              		.loc 1 39 31 is_stmt 0 view .LVU14
  62 0016 0376     		strb	r3, [r0, #24]
  40:Core/Src/can.c ****   hcan.Init.AutoBusOff = DISABLE;
  63              		.loc 1 40 3 is_stmt 1 view .LVU15
  64              		.loc 1 40 24 is_stmt 0 view .LVU16
  65 0018 4376     		strb	r3, [r0, #25]
  41:Core/Src/can.c ****   hcan.Init.AutoWakeUp = DISABLE;
  66              		.loc 1 41 3 is_stmt 1 view .LVU17
  67              		.loc 1 41 24 is_stmt 0 view .LVU18
  68 001a 8376     		strb	r3, [r0, #26]
  42:Core/Src/can.c ****   hcan.Init.AutoRetransmission = DISABLE;
  69              		.loc 1 42 3 is_stmt 1 view .LVU19
  70              		.loc 1 42 32 is_stmt 0 view .LVU20
  71 001c C376     		strb	r3, [r0, #27]
  43:Core/Src/can.c ****   hcan.Init.ReceiveFifoLocked = DISABLE;
  72              		.loc 1 43 3 is_stmt 1 view .LVU21
ARM GAS  C:\Users\PIERRE~1\AppData\Local\Temp\cc3DQ5Dc.s 			page 3


  73              		.loc 1 43 31 is_stmt 0 view .LVU22
  74 001e 0377     		strb	r3, [r0, #28]
  44:Core/Src/can.c ****   hcan.Init.TransmitFifoPriority = DISABLE;
  75              		.loc 1 44 3 is_stmt 1 view .LVU23
  76              		.loc 1 44 34 is_stmt 0 view .LVU24
  77 0020 4377     		strb	r3, [r0, #29]
  45:Core/Src/can.c ****   if (HAL_CAN_Init(&hcan) != HAL_OK)
  78              		.loc 1 45 3 is_stmt 1 view .LVU25
  79              		.loc 1 45 7 is_stmt 0 view .LVU26
  80 0022 FFF7FEFF 		bl	HAL_CAN_Init
  81              	.LVL0:
  82              		.loc 1 45 6 view .LVU27
  83 0026 00B9     		cbnz	r0, .L4
  84              	.L1:
  46:Core/Src/can.c ****   {
  47:Core/Src/can.c ****     Error_Handler();
  48:Core/Src/can.c ****   }
  49:Core/Src/can.c **** 
  50:Core/Src/can.c **** }
  85              		.loc 1 50 1 view .LVU28
  86 0028 08BD     		pop	{r3, pc}
  87              	.L4:
  47:Core/Src/can.c ****   }
  88              		.loc 1 47 5 is_stmt 1 view .LVU29
  89 002a FFF7FEFF 		bl	Error_Handler
  90              	.LVL1:
  91              		.loc 1 50 1 is_stmt 0 view .LVU30
  92 002e FBE7     		b	.L1
  93              	.L6:
  94              		.align	2
  95              	.L5:
  96 0030 00000000 		.word	hcan
  97 0034 00640040 		.word	1073767424
  98              		.cfi_endproc
  99              	.LFE123:
 101              		.section	.text.HAL_CAN_MspInit,"ax",%progbits
 102              		.align	1
 103              		.global	HAL_CAN_MspInit
 104              		.syntax unified
 105              		.thumb
 106              		.thumb_func
 107              		.fpu fpv4-sp-d16
 109              	HAL_CAN_MspInit:
 110              	.LVL2:
 111              	.LFB124:
  51:Core/Src/can.c **** 
  52:Core/Src/can.c **** void HAL_CAN_MspInit(CAN_HandleTypeDef* canHandle)
  53:Core/Src/can.c **** {
 112              		.loc 1 53 1 is_stmt 1 view -0
 113              		.cfi_startproc
 114              		@ args = 0, pretend = 0, frame = 32
 115              		@ frame_needed = 0, uses_anonymous_args = 0
 116              		.loc 1 53 1 is_stmt 0 view .LVU32
 117 0000 10B5     		push	{r4, lr}
 118              	.LCFI1:
 119              		.cfi_def_cfa_offset 8
 120              		.cfi_offset 4, -8
ARM GAS  C:\Users\PIERRE~1\AppData\Local\Temp\cc3DQ5Dc.s 			page 4


 121              		.cfi_offset 14, -4
 122 0002 88B0     		sub	sp, sp, #32
 123              	.LCFI2:
 124              		.cfi_def_cfa_offset 40
  54:Core/Src/can.c **** 
  55:Core/Src/can.c ****   GPIO_InitTypeDef GPIO_InitStruct = {0};
 125              		.loc 1 55 3 is_stmt 1 view .LVU33
 126              		.loc 1 55 20 is_stmt 0 view .LVU34
 127 0004 0023     		movs	r3, #0
 128 0006 0393     		str	r3, [sp, #12]
 129 0008 0493     		str	r3, [sp, #16]
 130 000a 0593     		str	r3, [sp, #20]
 131 000c 0693     		str	r3, [sp, #24]
 132 000e 0793     		str	r3, [sp, #28]
  56:Core/Src/can.c ****   if(canHandle->Instance==CAN)
 133              		.loc 1 56 3 is_stmt 1 view .LVU35
 134              		.loc 1 56 15 is_stmt 0 view .LVU36
 135 0010 0268     		ldr	r2, [r0]
 136              		.loc 1 56 5 view .LVU37
 137 0012 184B     		ldr	r3, .L11
 138 0014 9A42     		cmp	r2, r3
 139 0016 01D0     		beq	.L10
 140              	.LVL3:
 141              	.L7:
  57:Core/Src/can.c ****   {
  58:Core/Src/can.c ****   /* USER CODE BEGIN CAN_MspInit 0 */
  59:Core/Src/can.c **** 
  60:Core/Src/can.c ****   /* USER CODE END CAN_MspInit 0 */
  61:Core/Src/can.c ****     /* CAN clock enable */
  62:Core/Src/can.c ****     __HAL_RCC_CAN1_CLK_ENABLE();
  63:Core/Src/can.c **** 
  64:Core/Src/can.c ****     __HAL_RCC_GPIOB_CLK_ENABLE();
  65:Core/Src/can.c ****     /**CAN GPIO Configuration
  66:Core/Src/can.c ****     PB8     ------> CAN_RX
  67:Core/Src/can.c ****     PB9     ------> CAN_TX
  68:Core/Src/can.c ****     */
  69:Core/Src/can.c ****     GPIO_InitStruct.Pin = GPIO_PIN_8|GPIO_PIN_9;
  70:Core/Src/can.c ****     GPIO_InitStruct.Mode = GPIO_MODE_AF_PP;
  71:Core/Src/can.c ****     GPIO_InitStruct.Pull = GPIO_NOPULL;
  72:Core/Src/can.c ****     GPIO_InitStruct.Speed = GPIO_SPEED_FREQ_HIGH;
  73:Core/Src/can.c ****     GPIO_InitStruct.Alternate = GPIO_AF9_TIM1;
  74:Core/Src/can.c ****     HAL_GPIO_Init(GPIOB, &GPIO_InitStruct);
  75:Core/Src/can.c **** 
  76:Core/Src/can.c ****     /* CAN interrupt Init */
  77:Core/Src/can.c ****     HAL_NVIC_SetPriority(USB_HP_CAN_TX_IRQn, 0, 0);
  78:Core/Src/can.c ****     HAL_NVIC_EnableIRQ(USB_HP_CAN_TX_IRQn);
  79:Core/Src/can.c ****   /* USER CODE BEGIN CAN_MspInit 1 */
  80:Core/Src/can.c **** 
  81:Core/Src/can.c ****   /* USER CODE END CAN_MspInit 1 */
  82:Core/Src/can.c ****   }
  83:Core/Src/can.c **** }
 142              		.loc 1 83 1 view .LVU38
 143 0018 08B0     		add	sp, sp, #32
 144              	.LCFI3:
 145              		.cfi_remember_state
 146              		.cfi_def_cfa_offset 8
 147              		@ sp needed
ARM GAS  C:\Users\PIERRE~1\AppData\Local\Temp\cc3DQ5Dc.s 			page 5


 148 001a 10BD     		pop	{r4, pc}
 149              	.LVL4:
 150              	.L10:
 151              	.LCFI4:
 152              		.cfi_restore_state
  62:Core/Src/can.c **** 
 153              		.loc 1 62 5 is_stmt 1 view .LVU39
 154              	.LBB2:
  62:Core/Src/can.c **** 
 155              		.loc 1 62 5 view .LVU40
  62:Core/Src/can.c **** 
 156              		.loc 1 62 5 view .LVU41
 157 001c 03F5D633 		add	r3, r3, #109568
 158 0020 DA69     		ldr	r2, [r3, #28]
 159 0022 42F00072 		orr	r2, r2, #33554432
 160 0026 DA61     		str	r2, [r3, #28]
  62:Core/Src/can.c **** 
 161              		.loc 1 62 5 view .LVU42
 162 0028 DA69     		ldr	r2, [r3, #28]
 163 002a 02F00072 		and	r2, r2, #33554432
 164 002e 0192     		str	r2, [sp, #4]
  62:Core/Src/can.c **** 
 165              		.loc 1 62 5 view .LVU43
 166 0030 019A     		ldr	r2, [sp, #4]
 167              	.LBE2:
  62:Core/Src/can.c **** 
 168              		.loc 1 62 5 view .LVU44
  64:Core/Src/can.c ****     /**CAN GPIO Configuration
 169              		.loc 1 64 5 view .LVU45
 170              	.LBB3:
  64:Core/Src/can.c ****     /**CAN GPIO Configuration
 171              		.loc 1 64 5 view .LVU46
  64:Core/Src/can.c ****     /**CAN GPIO Configuration
 172              		.loc 1 64 5 view .LVU47
 173 0032 5A69     		ldr	r2, [r3, #20]
 174 0034 42F48022 		orr	r2, r2, #262144
 175 0038 5A61     		str	r2, [r3, #20]
  64:Core/Src/can.c ****     /**CAN GPIO Configuration
 176              		.loc 1 64 5 view .LVU48
 177 003a 5B69     		ldr	r3, [r3, #20]
 178 003c 03F48023 		and	r3, r3, #262144
 179 0040 0293     		str	r3, [sp, #8]
  64:Core/Src/can.c ****     /**CAN GPIO Configuration
 180              		.loc 1 64 5 view .LVU49
 181 0042 029B     		ldr	r3, [sp, #8]
 182              	.LBE3:
  64:Core/Src/can.c ****     /**CAN GPIO Configuration
 183              		.loc 1 64 5 view .LVU50
  69:Core/Src/can.c ****     GPIO_InitStruct.Mode = GPIO_MODE_AF_PP;
 184              		.loc 1 69 5 view .LVU51
  69:Core/Src/can.c ****     GPIO_InitStruct.Mode = GPIO_MODE_AF_PP;
 185              		.loc 1 69 25 is_stmt 0 view .LVU52
 186 0044 4FF44073 		mov	r3, #768
 187 0048 0393     		str	r3, [sp, #12]
  70:Core/Src/can.c ****     GPIO_InitStruct.Pull = GPIO_NOPULL;
 188              		.loc 1 70 5 is_stmt 1 view .LVU53
  70:Core/Src/can.c ****     GPIO_InitStruct.Pull = GPIO_NOPULL;
ARM GAS  C:\Users\PIERRE~1\AppData\Local\Temp\cc3DQ5Dc.s 			page 6


 189              		.loc 1 70 26 is_stmt 0 view .LVU54
 190 004a 0223     		movs	r3, #2
 191 004c 0493     		str	r3, [sp, #16]
  71:Core/Src/can.c ****     GPIO_InitStruct.Speed = GPIO_SPEED_FREQ_HIGH;
 192              		.loc 1 71 5 is_stmt 1 view .LVU55
  71:Core/Src/can.c ****     GPIO_InitStruct.Speed = GPIO_SPEED_FREQ_HIGH;
 193              		.loc 1 71 26 is_stmt 0 view .LVU56
 194 004e 0024     		movs	r4, #0
 195 0050 0594     		str	r4, [sp, #20]
  72:Core/Src/can.c ****     GPIO_InitStruct.Alternate = GPIO_AF9_TIM1;
 196              		.loc 1 72 5 is_stmt 1 view .LVU57
  72:Core/Src/can.c ****     GPIO_InitStruct.Alternate = GPIO_AF9_TIM1;
 197              		.loc 1 72 27 is_stmt 0 view .LVU58
 198 0052 0323     		movs	r3, #3
 199 0054 0693     		str	r3, [sp, #24]
  73:Core/Src/can.c ****     HAL_GPIO_Init(GPIOB, &GPIO_InitStruct);
 200              		.loc 1 73 5 is_stmt 1 view .LVU59
  73:Core/Src/can.c ****     HAL_GPIO_Init(GPIOB, &GPIO_InitStruct);
 201              		.loc 1 73 31 is_stmt 0 view .LVU60
 202 0056 0923     		movs	r3, #9
 203 0058 0793     		str	r3, [sp, #28]
  74:Core/Src/can.c **** 
 204              		.loc 1 74 5 is_stmt 1 view .LVU61
 205 005a 03A9     		add	r1, sp, #12
 206 005c 0648     		ldr	r0, .L11+4
 207              	.LVL5:
  74:Core/Src/can.c **** 
 208              		.loc 1 74 5 is_stmt 0 view .LVU62
 209 005e FFF7FEFF 		bl	HAL_GPIO_Init
 210              	.LVL6:
  77:Core/Src/can.c ****     HAL_NVIC_EnableIRQ(USB_HP_CAN_TX_IRQn);
 211              		.loc 1 77 5 is_stmt 1 view .LVU63
 212 0062 2246     		mov	r2, r4
 213 0064 2146     		mov	r1, r4
 214 0066 1320     		movs	r0, #19
 215 0068 FFF7FEFF 		bl	HAL_NVIC_SetPriority
 216              	.LVL7:
  78:Core/Src/can.c ****   /* USER CODE BEGIN CAN_MspInit 1 */
 217              		.loc 1 78 5 view .LVU64
 218 006c 1320     		movs	r0, #19
 219 006e FFF7FEFF 		bl	HAL_NVIC_EnableIRQ
 220              	.LVL8:
 221              		.loc 1 83 1 is_stmt 0 view .LVU65
 222 0072 D1E7     		b	.L7
 223              	.L12:
 224              		.align	2
 225              	.L11:
 226 0074 00640040 		.word	1073767424
 227 0078 00040048 		.word	1207960576
 228              		.cfi_endproc
 229              	.LFE124:
 231              		.section	.text.HAL_CAN_MspDeInit,"ax",%progbits
 232              		.align	1
 233              		.global	HAL_CAN_MspDeInit
 234              		.syntax unified
 235              		.thumb
 236              		.thumb_func
ARM GAS  C:\Users\PIERRE~1\AppData\Local\Temp\cc3DQ5Dc.s 			page 7


 237              		.fpu fpv4-sp-d16
 239              	HAL_CAN_MspDeInit:
 240              	.LVL9:
 241              	.LFB125:
  84:Core/Src/can.c **** 
  85:Core/Src/can.c **** void HAL_CAN_MspDeInit(CAN_HandleTypeDef* canHandle)
  86:Core/Src/can.c **** {
 242              		.loc 1 86 1 is_stmt 1 view -0
 243              		.cfi_startproc
 244              		@ args = 0, pretend = 0, frame = 0
 245              		@ frame_needed = 0, uses_anonymous_args = 0
 246              		.loc 1 86 1 is_stmt 0 view .LVU67
 247 0000 08B5     		push	{r3, lr}
 248              	.LCFI5:
 249              		.cfi_def_cfa_offset 8
 250              		.cfi_offset 3, -8
 251              		.cfi_offset 14, -4
  87:Core/Src/can.c **** 
  88:Core/Src/can.c ****   if(canHandle->Instance==CAN)
 252              		.loc 1 88 3 is_stmt 1 view .LVU68
 253              		.loc 1 88 15 is_stmt 0 view .LVU69
 254 0002 0268     		ldr	r2, [r0]
 255              		.loc 1 88 5 view .LVU70
 256 0004 074B     		ldr	r3, .L17
 257 0006 9A42     		cmp	r2, r3
 258 0008 00D0     		beq	.L16
 259              	.LVL10:
 260              	.L13:
  89:Core/Src/can.c ****   {
  90:Core/Src/can.c ****   /* USER CODE BEGIN CAN_MspDeInit 0 */
  91:Core/Src/can.c **** 
  92:Core/Src/can.c ****   /* USER CODE END CAN_MspDeInit 0 */
  93:Core/Src/can.c ****     /* Peripheral clock disable */
  94:Core/Src/can.c ****     __HAL_RCC_CAN1_CLK_DISABLE();
  95:Core/Src/can.c **** 
  96:Core/Src/can.c ****     /**CAN GPIO Configuration
  97:Core/Src/can.c ****     PB8     ------> CAN_RX
  98:Core/Src/can.c ****     PB9     ------> CAN_TX
  99:Core/Src/can.c ****     */
 100:Core/Src/can.c ****     HAL_GPIO_DeInit(GPIOB, GPIO_PIN_8|GPIO_PIN_9);
 101:Core/Src/can.c **** 
 102:Core/Src/can.c ****     /* CAN interrupt Deinit */
 103:Core/Src/can.c ****   /* USER CODE BEGIN CAN:USB_HP_CAN_TX_IRQn disable */
 104:Core/Src/can.c ****     /**
 105:Core/Src/can.c ****     * Uncomment the line below to disable the "USB_HP_CAN_TX_IRQn" interrupt
 106:Core/Src/can.c ****     * Be aware, disabling shared interrupt may affect other IPs
 107:Core/Src/can.c ****     */
 108:Core/Src/can.c ****     /* HAL_NVIC_DisableIRQ(USB_HP_CAN_TX_IRQn); */
 109:Core/Src/can.c ****   /* USER CODE END CAN:USB_HP_CAN_TX_IRQn disable */
 110:Core/Src/can.c **** 
 111:Core/Src/can.c ****   /* USER CODE BEGIN CAN_MspDeInit 1 */
 112:Core/Src/can.c **** 
 113:Core/Src/can.c ****   /* USER CODE END CAN_MspDeInit 1 */
 114:Core/Src/can.c ****   }
 115:Core/Src/can.c **** }
 261              		.loc 1 115 1 view .LVU71
 262 000a 08BD     		pop	{r3, pc}
ARM GAS  C:\Users\PIERRE~1\AppData\Local\Temp\cc3DQ5Dc.s 			page 8


 263              	.LVL11:
 264              	.L16:
  94:Core/Src/can.c **** 
 265              		.loc 1 94 5 is_stmt 1 view .LVU72
 266 000c 064A     		ldr	r2, .L17+4
 267 000e D369     		ldr	r3, [r2, #28]
 268 0010 23F00073 		bic	r3, r3, #33554432
 269 0014 D361     		str	r3, [r2, #28]
 100:Core/Src/can.c **** 
 270              		.loc 1 100 5 view .LVU73
 271 0016 4FF44071 		mov	r1, #768
 272 001a 0448     		ldr	r0, .L17+8
 273              	.LVL12:
 100:Core/Src/can.c **** 
 274              		.loc 1 100 5 is_stmt 0 view .LVU74
 275 001c FFF7FEFF 		bl	HAL_GPIO_DeInit
 276              	.LVL13:
 277              		.loc 1 115 1 view .LVU75
 278 0020 F3E7     		b	.L13
 279              	.L18:
 280 0022 00BF     		.align	2
 281              	.L17:
 282 0024 00640040 		.word	1073767424
 283 0028 00100240 		.word	1073876992
 284 002c 00040048 		.word	1207960576
 285              		.cfi_endproc
 286              	.LFE125:
 288              		.comm	hcan,40,4
 289              		.text
 290              	.Letext0:
 291              		.file 2 "c:\\users\\pierre-anthony\\.vscode\\extensions\\buzzyelectronics.stm-helper-1.2.9\\armgcc
 292              		.file 3 "c:\\users\\pierre-anthony\\.vscode\\extensions\\buzzyelectronics.stm-helper-1.2.9\\armgcc
 293              		.file 4 "Drivers/CMSIS/Include/core_cm4.h"
 294              		.file 5 "Drivers/CMSIS/Device/ST/STM32F3xx/Include/system_stm32f3xx.h"
 295              		.file 6 "Drivers/CMSIS/Device/ST/STM32F3xx/Include/stm32f302x8.h"
 296              		.file 7 "Drivers/CMSIS/Device/ST/STM32F3xx/Include/stm32f3xx.h"
 297              		.file 8 "Drivers/STM32F3xx_HAL_Driver/Inc/stm32f3xx_hal_def.h"
 298              		.file 9 "Drivers/STM32F3xx_HAL_Driver/Inc/stm32f3xx_hal_gpio.h"
 299              		.file 10 "Drivers/STM32F3xx_HAL_Driver/Inc/stm32f3xx_hal_can.h"
 300              		.file 11 "Drivers/STM32F3xx_HAL_Driver/Inc/stm32f3xx_hal.h"
 301              		.file 12 "Core/Inc/can.h"
 302              		.file 13 "Drivers/STM32F3xx_HAL_Driver/Inc/stm32f3xx_hal_cortex.h"
 303              		.file 14 "Core/Inc/main.h"
ARM GAS  C:\Users\PIERRE~1\AppData\Local\Temp\cc3DQ5Dc.s 			page 9


DEFINED SYMBOLS
                            *ABS*:0000000000000000 can.c
C:\Users\PIERRE~1\AppData\Local\Temp\cc3DQ5Dc.s:18     .text.MX_CAN_Init:0000000000000000 $t
C:\Users\PIERRE~1\AppData\Local\Temp\cc3DQ5Dc.s:26     .text.MX_CAN_Init:0000000000000000 MX_CAN_Init
C:\Users\PIERRE~1\AppData\Local\Temp\cc3DQ5Dc.s:96     .text.MX_CAN_Init:0000000000000030 $d
                            *COM*:0000000000000028 hcan
C:\Users\PIERRE~1\AppData\Local\Temp\cc3DQ5Dc.s:102    .text.HAL_CAN_MspInit:0000000000000000 $t
C:\Users\PIERRE~1\AppData\Local\Temp\cc3DQ5Dc.s:109    .text.HAL_CAN_MspInit:0000000000000000 HAL_CAN_MspInit
C:\Users\PIERRE~1\AppData\Local\Temp\cc3DQ5Dc.s:226    .text.HAL_CAN_MspInit:0000000000000074 $d
C:\Users\PIERRE~1\AppData\Local\Temp\cc3DQ5Dc.s:232    .text.HAL_CAN_MspDeInit:0000000000000000 $t
C:\Users\PIERRE~1\AppData\Local\Temp\cc3DQ5Dc.s:239    .text.HAL_CAN_MspDeInit:0000000000000000 HAL_CAN_MspDeInit
C:\Users\PIERRE~1\AppData\Local\Temp\cc3DQ5Dc.s:282    .text.HAL_CAN_MspDeInit:0000000000000024 $d

UNDEFINED SYMBOLS
HAL_CAN_Init
Error_Handler
HAL_GPIO_Init
HAL_NVIC_SetPriority
HAL_NVIC_EnableIRQ
HAL_GPIO_DeInit
