ARM GAS  C:\Users\PIERRE~1\AppData\Local\Temp\ccNSM10n.s 			page 1


   1              		.cpu cortex-m4
   2              		.eabi_attribute 27, 1
   3              		.eabi_attribute 28, 1
   4              		.eabi_attribute 20, 1
   5              		.eabi_attribute 21, 1
   6              		.eabi_attribute 23, 3
   7              		.eabi_attribute 24, 1
   8              		.eabi_attribute 25, 1
   9              		.eabi_attribute 26, 1
  10              		.eabi_attribute 30, 1
  11              		.eabi_attribute 34, 1
  12              		.eabi_attribute 18, 4
  13              		.file	"gpio.c"
  14              		.text
  15              	.Ltext0:
  16              		.cfi_sections	.debug_frame
  17              		.section	.text.MX_GPIO_Init,"ax",%progbits
  18              		.align	1
  19              		.global	MX_GPIO_Init
  20              		.arch armv7e-m
  21              		.syntax unified
  22              		.thumb
  23              		.thumb_func
  24              		.fpu fpv4-sp-d16
  26              	MX_GPIO_Init:
  27              	.LFB126:
  28              		.file 1 "Core/Src/gpio.c"
   1:Core/Src/gpio.c **** /**
   2:Core/Src/gpio.c ****   ******************************************************************************
   3:Core/Src/gpio.c ****   * @file    gpio.c
   4:Core/Src/gpio.c ****   * @brief   This file provides code for the configuration
   5:Core/Src/gpio.c ****   *          of all used GPIO pins.
   6:Core/Src/gpio.c ****   ******************************************************************************
   7:Core/Src/gpio.c ****   * @attention
   8:Core/Src/gpio.c ****   *
   9:Core/Src/gpio.c ****   * <h2><center>&copy; Copyright (c) 2021 STMicroelectronics.
  10:Core/Src/gpio.c ****   * All rights reserved.</center></h2>
  11:Core/Src/gpio.c ****   *
  12:Core/Src/gpio.c ****   * This software component is licensed by ST under Ultimate Liberty license
  13:Core/Src/gpio.c ****   * SLA0044, the "License"; You may not use this file except in compliance with
  14:Core/Src/gpio.c ****   * the License. You may obtain a copy of the License at:
  15:Core/Src/gpio.c ****   *                             www.st.com/SLA0044
  16:Core/Src/gpio.c ****   *
  17:Core/Src/gpio.c ****   ******************************************************************************
  18:Core/Src/gpio.c ****   */
  19:Core/Src/gpio.c **** 
  20:Core/Src/gpio.c **** /* Includes ------------------------------------------------------------------*/
  21:Core/Src/gpio.c **** #include "gpio.h"
  22:Core/Src/gpio.c **** 
  23:Core/Src/gpio.c **** /* USER CODE BEGIN 0 */
  24:Core/Src/gpio.c **** 
  25:Core/Src/gpio.c **** /* USER CODE END 0 */
  26:Core/Src/gpio.c **** 
  27:Core/Src/gpio.c **** /*----------------------------------------------------------------------------*/
  28:Core/Src/gpio.c **** /* Configure GPIO                                                             */
  29:Core/Src/gpio.c **** /*----------------------------------------------------------------------------*/
  30:Core/Src/gpio.c **** /* USER CODE BEGIN 1 */
ARM GAS  C:\Users\PIERRE~1\AppData\Local\Temp\ccNSM10n.s 			page 2


  31:Core/Src/gpio.c **** 
  32:Core/Src/gpio.c **** /* USER CODE END 1 */
  33:Core/Src/gpio.c **** 
  34:Core/Src/gpio.c **** /** Configure pins as
  35:Core/Src/gpio.c ****         * Analog
  36:Core/Src/gpio.c ****         * Input
  37:Core/Src/gpio.c ****         * Output
  38:Core/Src/gpio.c ****         * EVENT_OUT
  39:Core/Src/gpio.c ****         * EXTI
  40:Core/Src/gpio.c **** */
  41:Core/Src/gpio.c **** void MX_GPIO_Init(void)
  42:Core/Src/gpio.c **** {
  29              		.loc 1 42 1 view -0
  30              		.cfi_startproc
  31              		@ args = 0, pretend = 0, frame = 32
  32              		@ frame_needed = 0, uses_anonymous_args = 0
  33 0000 10B5     		push	{r4, lr}
  34              	.LCFI0:
  35              		.cfi_def_cfa_offset 8
  36              		.cfi_offset 4, -8
  37              		.cfi_offset 14, -4
  38 0002 88B0     		sub	sp, sp, #32
  39              	.LCFI1:
  40              		.cfi_def_cfa_offset 40
  43:Core/Src/gpio.c **** 
  44:Core/Src/gpio.c ****   GPIO_InitTypeDef GPIO_InitStruct = {0};
  41              		.loc 1 44 3 view .LVU1
  42              		.loc 1 44 20 is_stmt 0 view .LVU2
  43 0004 0024     		movs	r4, #0
  44 0006 0394     		str	r4, [sp, #12]
  45 0008 0494     		str	r4, [sp, #16]
  46 000a 0594     		str	r4, [sp, #20]
  47 000c 0694     		str	r4, [sp, #24]
  48 000e 0794     		str	r4, [sp, #28]
  45:Core/Src/gpio.c **** 
  46:Core/Src/gpio.c ****   /* GPIO Ports Clock Enable */
  47:Core/Src/gpio.c ****   __HAL_RCC_GPIOF_CLK_ENABLE();
  49              		.loc 1 47 3 is_stmt 1 view .LVU3
  50              	.LBB2:
  51              		.loc 1 47 3 view .LVU4
  52              		.loc 1 47 3 view .LVU5
  53 0010 124B     		ldr	r3, .L3
  54 0012 5A69     		ldr	r2, [r3, #20]
  55 0014 42F48002 		orr	r2, r2, #4194304
  56 0018 5A61     		str	r2, [r3, #20]
  57              		.loc 1 47 3 view .LVU6
  58 001a 5A69     		ldr	r2, [r3, #20]
  59 001c 02F48002 		and	r2, r2, #4194304
  60 0020 0192     		str	r2, [sp, #4]
  61              		.loc 1 47 3 view .LVU7
  62 0022 019A     		ldr	r2, [sp, #4]
  63              	.LBE2:
  64              		.loc 1 47 3 view .LVU8
  48:Core/Src/gpio.c ****   __HAL_RCC_GPIOA_CLK_ENABLE();
  65              		.loc 1 48 3 view .LVU9
  66              	.LBB3:
  67              		.loc 1 48 3 view .LVU10
ARM GAS  C:\Users\PIERRE~1\AppData\Local\Temp\ccNSM10n.s 			page 3


  68              		.loc 1 48 3 view .LVU11
  69 0024 5A69     		ldr	r2, [r3, #20]
  70 0026 42F40032 		orr	r2, r2, #131072
  71 002a 5A61     		str	r2, [r3, #20]
  72              		.loc 1 48 3 view .LVU12
  73 002c 5B69     		ldr	r3, [r3, #20]
  74 002e 03F40033 		and	r3, r3, #131072
  75 0032 0293     		str	r3, [sp, #8]
  76              		.loc 1 48 3 view .LVU13
  77 0034 029B     		ldr	r3, [sp, #8]
  78              	.LBE3:
  79              		.loc 1 48 3 view .LVU14
  49:Core/Src/gpio.c **** 
  50:Core/Src/gpio.c ****   /*Configure GPIO pin Output Level */
  51:Core/Src/gpio.c ****   HAL_GPIO_WritePin(LED_GPIO_Port, LED_Pin, GPIO_PIN_RESET);
  80              		.loc 1 51 3 view .LVU15
  81 0036 2246     		mov	r2, r4
  82 0038 1021     		movs	r1, #16
  83 003a 4FF09040 		mov	r0, #1207959552
  84 003e FFF7FEFF 		bl	HAL_GPIO_WritePin
  85              	.LVL0:
  52:Core/Src/gpio.c **** 
  53:Core/Src/gpio.c ****   /*Configure GPIO pin : PtPin */
  54:Core/Src/gpio.c ****   GPIO_InitStruct.Pin = LED_Pin;
  86              		.loc 1 54 3 view .LVU16
  87              		.loc 1 54 23 is_stmt 0 view .LVU17
  88 0042 1023     		movs	r3, #16
  89 0044 0393     		str	r3, [sp, #12]
  55:Core/Src/gpio.c ****   GPIO_InitStruct.Mode = GPIO_MODE_OUTPUT_PP;
  90              		.loc 1 55 3 is_stmt 1 view .LVU18
  91              		.loc 1 55 24 is_stmt 0 view .LVU19
  92 0046 0123     		movs	r3, #1
  93 0048 0493     		str	r3, [sp, #16]
  56:Core/Src/gpio.c ****   GPIO_InitStruct.Pull = GPIO_NOPULL;
  94              		.loc 1 56 3 is_stmt 1 view .LVU20
  95              		.loc 1 56 24 is_stmt 0 view .LVU21
  96 004a 0594     		str	r4, [sp, #20]
  57:Core/Src/gpio.c ****   GPIO_InitStruct.Speed = GPIO_SPEED_FREQ_LOW;
  97              		.loc 1 57 3 is_stmt 1 view .LVU22
  98              		.loc 1 57 25 is_stmt 0 view .LVU23
  99 004c 0694     		str	r4, [sp, #24]
  58:Core/Src/gpio.c ****   HAL_GPIO_Init(LED_GPIO_Port, &GPIO_InitStruct);
 100              		.loc 1 58 3 is_stmt 1 view .LVU24
 101 004e 03A9     		add	r1, sp, #12
 102 0050 4FF09040 		mov	r0, #1207959552
 103 0054 FFF7FEFF 		bl	HAL_GPIO_Init
 104              	.LVL1:
  59:Core/Src/gpio.c **** 
  60:Core/Src/gpio.c **** }
 105              		.loc 1 60 1 is_stmt 0 view .LVU25
 106 0058 08B0     		add	sp, sp, #32
 107              	.LCFI2:
 108              		.cfi_def_cfa_offset 8
 109              		@ sp needed
 110 005a 10BD     		pop	{r4, pc}
 111              	.L4:
 112              		.align	2
ARM GAS  C:\Users\PIERRE~1\AppData\Local\Temp\ccNSM10n.s 			page 4


 113              	.L3:
 114 005c 00100240 		.word	1073876992
 115              		.cfi_endproc
 116              	.LFE126:
 118              		.text
 119              	.Letext0:
 120              		.file 2 "c:\\users\\pierre-anthony\\.vscode\\extensions\\buzzyelectronics.stm-helper-1.2.9\\armgcc
 121              		.file 3 "c:\\users\\pierre-anthony\\.vscode\\extensions\\buzzyelectronics.stm-helper-1.2.9\\armgcc
 122              		.file 4 "Drivers/CMSIS/Include/core_cm4.h"
 123              		.file 5 "Drivers/CMSIS/Device/ST/STM32F3xx/Include/system_stm32f3xx.h"
 124              		.file 6 "Drivers/CMSIS/Device/ST/STM32F3xx/Include/stm32f302x8.h"
 125              		.file 7 "Drivers/STM32F3xx_HAL_Driver/Inc/stm32f3xx_hal_def.h"
 126              		.file 8 "Drivers/STM32F3xx_HAL_Driver/Inc/stm32f3xx_hal_gpio.h"
 127              		.file 9 "Drivers/STM32F3xx_HAL_Driver/Inc/stm32f3xx_hal_dma.h"
 128              		.file 10 "Drivers/STM32F3xx_HAL_Driver/Inc/stm32f3xx_hal_uart.h"
 129              		.file 11 "Drivers/STM32F3xx_HAL_Driver/Inc/stm32f3xx_hal.h"
 130              		.file 12 "Core/Inc/usart.h"
 131              		.file 13 "c:\\users\\pierre-anthony\\.vscode\\extensions\\buzzyelectronics.stm-helper-1.2.9\\armgc
 132              		.file 14 "c:\\users\\pierre-anthony\\.vscode\\extensions\\buzzyelectronics.stm-helper-1.2.9\\armgc
 133              		.file 15 "c:\\users\\pierre-anthony\\.vscode\\extensions\\buzzyelectronics.stm-helper-1.2.9\\armgc
 134              		.file 16 "c:\\users\\pierre-anthony\\.vscode\\extensions\\buzzyelectronics.stm-helper-1.2.9\\armgc
ARM GAS  C:\Users\PIERRE~1\AppData\Local\Temp\ccNSM10n.s 			page 5


DEFINED SYMBOLS
                            *ABS*:0000000000000000 gpio.c
C:\Users\PIERRE~1\AppData\Local\Temp\ccNSM10n.s:18     .text.MX_GPIO_Init:0000000000000000 $t
C:\Users\PIERRE~1\AppData\Local\Temp\ccNSM10n.s:26     .text.MX_GPIO_Init:0000000000000000 MX_GPIO_Init
C:\Users\PIERRE~1\AppData\Local\Temp\ccNSM10n.s:114    .text.MX_GPIO_Init:000000000000005c $d

UNDEFINED SYMBOLS
HAL_GPIO_WritePin
HAL_GPIO_Init
