ARM GAS  C:\Users\pierr\AppData\Local\Temp\cc4KI6Ns.s 			page 1


   1              		.cpu cortex-m4
   2              		.eabi_attribute 27, 1
   3              		.eabi_attribute 28, 1
   4              		.eabi_attribute 20, 1
   5              		.eabi_attribute 21, 1
   6              		.eabi_attribute 23, 3
   7              		.eabi_attribute 24, 1
   8              		.eabi_attribute 25, 1
   9              		.eabi_attribute 26, 1
  10              		.eabi_attribute 30, 1
  11              		.eabi_attribute 34, 1
  12              		.eabi_attribute 18, 4
  13              		.file	"ld06.c"
  14              		.text
  15              	.Ltext0:
  16              		.cfi_sections	.debug_frame
  17              	.Letext0:
  18              		.file 1 "c:\\users\\pierr\\.vscode\\extensions\\buzzyelectronics.stm-helper-1.2.9\\armgcc\\arm-non
  19              		.file 2 "c:\\users\\pierr\\.vscode\\extensions\\buzzyelectronics.stm-helper-1.2.9\\armgcc\\arm-non
  20              		.file 3 "Drivers/CMSIS/Include/core_cm4.h"
  21              		.file 4 "Drivers/CMSIS/Device/ST/STM32F3xx/Include/system_stm32f3xx.h"
  22              		.file 5 "Drivers/CMSIS/Device/ST/STM32F3xx/Include/stm32f302x8.h"
  23              		.file 6 "Drivers/STM32F3xx_HAL_Driver/Inc/stm32f3xx_hal_def.h"
  24              		.file 7 "Drivers/STM32F3xx_HAL_Driver/Inc/stm32f3xx_hal_dma.h"
  25              		.file 8 "Drivers/STM32F3xx_HAL_Driver/Inc/stm32f3xx_hal_uart.h"
  26              		.file 9 "Drivers/STM32F3xx_HAL_Driver/Inc/stm32f3xx_hal.h"
  27              		.file 10 "Core/Inc/usart.h"
  28              		.file 11 "c:\\users\\pierr\\.vscode\\extensions\\buzzyelectronics.stm-helper-1.2.9\\armgcc\\arm-no
  29              		.file 12 "c:\\users\\pierr\\.vscode\\extensions\\buzzyelectronics.stm-helper-1.2.9\\armgcc\\arm-no
  30              		.file 13 "c:\\users\\pierr\\.vscode\\extensions\\buzzyelectronics.stm-helper-1.2.9\\armgcc\\lib\\g
  31              		.file 14 "c:\\users\\pierr\\.vscode\\extensions\\buzzyelectronics.stm-helper-1.2.9\\armgcc\\arm-no
ARM GAS  C:\Users\pierr\AppData\Local\Temp\cc4KI6Ns.s 			page 2


DEFINED SYMBOLS
                            *ABS*:0000000000000000 ld06.c

NO UNDEFINED SYMBOLS
