ARM GAS  C:\Users\PIERRE~1\AppData\Local\Temp\ccQ8cJGk.s 			page 1


   1              		.cpu cortex-m4
   2              		.eabi_attribute 27, 1
   3              		.eabi_attribute 28, 1
   4              		.eabi_attribute 20, 1
   5              		.eabi_attribute 21, 1
   6              		.eabi_attribute 23, 3
   7              		.eabi_attribute 24, 1
   8              		.eabi_attribute 25, 1
   9              		.eabi_attribute 26, 1
  10              		.eabi_attribute 30, 1
  11              		.eabi_attribute 34, 1
  12              		.eabi_attribute 18, 4
  13              		.file	"main.c"
  14              		.text
  15              	.Ltext0:
  16              		.cfi_sections	.debug_frame
  17              		.section	.text.HAL_UART_RxCpltCallback,"ax",%progbits
  18              		.align	1
  19              		.global	HAL_UART_RxCpltCallback
  20              		.arch armv7e-m
  21              		.syntax unified
  22              		.thumb
  23              		.thumb_func
  24              		.fpu fpv4-sp-d16
  26              	HAL_UART_RxCpltCallback:
  27              	.LVL0:
  28              	.LFB128:
  29              		.file 1 "Core/Src/main.c"
   1:Core/Src/main.c **** /* USER CODE BEGIN Header */
   2:Core/Src/main.c **** /**
   3:Core/Src/main.c ****   ******************************************************************************
   4:Core/Src/main.c ****   * @file           : main.c
   5:Core/Src/main.c ****   * @brief          : Main program body
   6:Core/Src/main.c ****   ******************************************************************************
   7:Core/Src/main.c ****   * @attention
   8:Core/Src/main.c ****   *
   9:Core/Src/main.c ****   * <h2><center>&copy; Copyright (c) 2021 STMicroelectronics.
  10:Core/Src/main.c ****   * All rights reserved.</center></h2>
  11:Core/Src/main.c ****   *
  12:Core/Src/main.c ****   * This software component is licensed by ST under Ultimate Liberty license
  13:Core/Src/main.c ****   * SLA0044, the "License"; You may not use this file except in compliance with
  14:Core/Src/main.c ****   * the License. You may obtain a copy of the License at:
  15:Core/Src/main.c ****   *                             www.st.com/SLA0044
  16:Core/Src/main.c ****   *
  17:Core/Src/main.c ****   ******************************************************************************
  18:Core/Src/main.c ****   */
  19:Core/Src/main.c **** /* USER CODE END Header */
  20:Core/Src/main.c **** /* Includes ------------------------------------------------------------------*/
  21:Core/Src/main.c **** #include "main.h"
  22:Core/Src/main.c **** #include "dma.h"
  23:Core/Src/main.c **** #include "usart.h"
  24:Core/Src/main.c **** #include "usb_device.h"
  25:Core/Src/main.c **** #include "gpio.h"
  26:Core/Src/main.c **** 
  27:Core/Src/main.c **** /* Private includes ----------------------------------------------------------*/
  28:Core/Src/main.c **** /* USER CODE BEGIN Includes */
  29:Core/Src/main.c **** 
ARM GAS  C:\Users\PIERRE~1\AppData\Local\Temp\ccQ8cJGk.s 			page 2


  30:Core/Src/main.c **** /* USER CODE END Includes */
  31:Core/Src/main.c **** 
  32:Core/Src/main.c **** /* Private typedef -----------------------------------------------------------*/
  33:Core/Src/main.c **** /* USER CODE BEGIN PTD */
  34:Core/Src/main.c **** LD06 lidar;
  35:Core/Src/main.c **** uint8_t buffer = 0;
  36:Core/Src/main.c **** uint8_t TXmsg = 1;
  37:Core/Src/main.c **** /* USER CODE END PTD */
  38:Core/Src/main.c **** 
  39:Core/Src/main.c **** /* Private define ------------------------------------------------------------*/
  40:Core/Src/main.c **** /* USER CODE BEGIN PD */
  41:Core/Src/main.c **** /* USER CODE END PD */
  42:Core/Src/main.c **** 
  43:Core/Src/main.c **** /* Private macro -------------------------------------------------------------*/
  44:Core/Src/main.c **** /* USER CODE BEGIN PM */
  45:Core/Src/main.c **** 
  46:Core/Src/main.c **** /* USER CODE END PM */
  47:Core/Src/main.c **** 
  48:Core/Src/main.c **** /* Private variables ---------------------------------------------------------*/
  49:Core/Src/main.c **** 
  50:Core/Src/main.c **** /* USER CODE BEGIN PV */
  51:Core/Src/main.c **** 
  52:Core/Src/main.c **** /* USER CODE END PV */
  53:Core/Src/main.c **** 
  54:Core/Src/main.c **** /* Private function prototypes -----------------------------------------------*/
  55:Core/Src/main.c **** void SystemClock_Config(void);
  56:Core/Src/main.c **** /* USER CODE BEGIN PFP */
  57:Core/Src/main.c **** /*
  58:Core/Src/main.c **** int _write(int fd, unsigned char *ptr, int len)
  59:Core/Src/main.c **** {
  60:Core/Src/main.c **** 	if (CDC_Transmit_FS(ptr,len) != HAL_OK)
  61:Core/Src/main.c **** 		return 0;
  62:Core/Src/main.c **** 
  63:Core/Src/main.c **** 	return len;
  64:Core/Src/main.c **** }
  65:Core/Src/main.c **** */
  66:Core/Src/main.c **** 
  67:Core/Src/main.c **** /* USER CODE END PFP */
  68:Core/Src/main.c **** 
  69:Core/Src/main.c **** /* Private user code ---------------------------------------------------------*/
  70:Core/Src/main.c **** /* USER CODE BEGIN 0 */
  71:Core/Src/main.c **** 
  72:Core/Src/main.c **** /* USER CODE END 0 */
  73:Core/Src/main.c **** 
  74:Core/Src/main.c **** /**
  75:Core/Src/main.c ****   * @brief  The application entry point.
  76:Core/Src/main.c ****   * @retval int
  77:Core/Src/main.c ****   */
  78:Core/Src/main.c **** int main(void)
  79:Core/Src/main.c **** {
  80:Core/Src/main.c ****   /* USER CODE BEGIN 1 */
  81:Core/Src/main.c **** 
  82:Core/Src/main.c ****   /* USER CODE END 1 */
  83:Core/Src/main.c **** 
  84:Core/Src/main.c ****   /* MCU Configuration--------------------------------------------------------*/
  85:Core/Src/main.c **** 
  86:Core/Src/main.c ****   /* Reset of all peripherals, Initializes the Flash interface and the Systick. */
ARM GAS  C:\Users\PIERRE~1\AppData\Local\Temp\ccQ8cJGk.s 			page 3


  87:Core/Src/main.c ****   HAL_Init();
  88:Core/Src/main.c **** 
  89:Core/Src/main.c ****   /* USER CODE BEGIN Init */
  90:Core/Src/main.c **** 
  91:Core/Src/main.c ****   /* USER CODE END Init */
  92:Core/Src/main.c **** 
  93:Core/Src/main.c ****   /* Configure the system clock */
  94:Core/Src/main.c ****   SystemClock_Config();
  95:Core/Src/main.c **** 
  96:Core/Src/main.c ****   /* USER CODE BEGIN SysInit */
  97:Core/Src/main.c **** 
  98:Core/Src/main.c ****   /* USER CODE END SysInit */
  99:Core/Src/main.c **** 
 100:Core/Src/main.c ****   /* Initialize all configured peripherals */
 101:Core/Src/main.c ****   MX_GPIO_Init();
 102:Core/Src/main.c ****   MX_DMA_Init();
 103:Core/Src/main.c ****   MX_USART1_UART_Init();
 104:Core/Src/main.c ****   MX_USB_DEVICE_Init();
 105:Core/Src/main.c ****   /* USER CODE BEGIN 2 */
 106:Core/Src/main.c ****   HAL_UART_Receive_DMA(&huart1,&buffer,sizeof(buffer));
 107:Core/Src/main.c ****   UART_Start_Receive_DMA(&huart1,&buffer,sizeof(buffer));
 108:Core/Src/main.c ****   //HAL_GPIO_TogglePin(LED_GPIO_Port,LED_Pin);
 109:Core/Src/main.c ****   
 110:Core/Src/main.c ****   /* USER CODE END 2 */
 111:Core/Src/main.c **** 
 112:Core/Src/main.c ****   /* Infinite loop */
 113:Core/Src/main.c ****   /* USER CODE BEGIN WHILE */
 114:Core/Src/main.c ****   while (1)
 115:Core/Src/main.c ****   {
 116:Core/Src/main.c ****     
 117:Core/Src/main.c ****     //printf("cc\n\r");
 118:Core/Src/main.c ****      //HAL_Delay(1000);
 119:Core/Src/main.c ****       //HAL_GPIO_TogglePin(LED_GPIO_Port,LED_Pin);
 120:Core/Src/main.c ****     /* USER CODE END WHILE */
 121:Core/Src/main.c **** 
 122:Core/Src/main.c ****     /* USER CODE BEGIN 3 */
 123:Core/Src/main.c ****   }
 124:Core/Src/main.c ****   /* USER CODE END 3 */
 125:Core/Src/main.c **** }
 126:Core/Src/main.c **** 
 127:Core/Src/main.c **** /**
 128:Core/Src/main.c ****   * @brief System Clock Configuration
 129:Core/Src/main.c ****   * @retval None
 130:Core/Src/main.c ****   */
 131:Core/Src/main.c **** void SystemClock_Config(void)
 132:Core/Src/main.c **** {
 133:Core/Src/main.c ****   RCC_OscInitTypeDef RCC_OscInitStruct = {0};
 134:Core/Src/main.c ****   RCC_ClkInitTypeDef RCC_ClkInitStruct = {0};
 135:Core/Src/main.c ****   RCC_PeriphCLKInitTypeDef PeriphClkInit = {0};
 136:Core/Src/main.c **** 
 137:Core/Src/main.c ****   /** Initializes the RCC Oscillators according to the specified parameters
 138:Core/Src/main.c ****   * in the RCC_OscInitTypeDef structure.
 139:Core/Src/main.c ****   */
 140:Core/Src/main.c ****   RCC_OscInitStruct.OscillatorType = RCC_OSCILLATORTYPE_HSE;
 141:Core/Src/main.c ****   RCC_OscInitStruct.HSEState = RCC_HSE_ON;
 142:Core/Src/main.c ****   RCC_OscInitStruct.HSEPredivValue = RCC_HSE_PREDIV_DIV1;
 143:Core/Src/main.c ****   RCC_OscInitStruct.HSIState = RCC_HSI_ON;
ARM GAS  C:\Users\PIERRE~1\AppData\Local\Temp\ccQ8cJGk.s 			page 4


 144:Core/Src/main.c ****   RCC_OscInitStruct.PLL.PLLState = RCC_PLL_ON;
 145:Core/Src/main.c ****   RCC_OscInitStruct.PLL.PLLSource = RCC_PLLSOURCE_HSE;
 146:Core/Src/main.c ****   RCC_OscInitStruct.PLL.PLLMUL = RCC_PLL_MUL9;
 147:Core/Src/main.c ****   if (HAL_RCC_OscConfig(&RCC_OscInitStruct) != HAL_OK)
 148:Core/Src/main.c ****   {
 149:Core/Src/main.c ****     Error_Handler();
 150:Core/Src/main.c ****   }
 151:Core/Src/main.c ****   /** Initializes the CPU, AHB and APB buses clocks
 152:Core/Src/main.c ****   */
 153:Core/Src/main.c ****   RCC_ClkInitStruct.ClockType = RCC_CLOCKTYPE_HCLK|RCC_CLOCKTYPE_SYSCLK
 154:Core/Src/main.c ****                               |RCC_CLOCKTYPE_PCLK1|RCC_CLOCKTYPE_PCLK2;
 155:Core/Src/main.c ****   RCC_ClkInitStruct.SYSCLKSource = RCC_SYSCLKSOURCE_PLLCLK;
 156:Core/Src/main.c ****   RCC_ClkInitStruct.AHBCLKDivider = RCC_SYSCLK_DIV1;
 157:Core/Src/main.c ****   RCC_ClkInitStruct.APB1CLKDivider = RCC_HCLK_DIV2;
 158:Core/Src/main.c ****   RCC_ClkInitStruct.APB2CLKDivider = RCC_HCLK_DIV1;
 159:Core/Src/main.c **** 
 160:Core/Src/main.c ****   if (HAL_RCC_ClockConfig(&RCC_ClkInitStruct, FLASH_LATENCY_2) != HAL_OK)
 161:Core/Src/main.c ****   {
 162:Core/Src/main.c ****     Error_Handler();
 163:Core/Src/main.c ****   }
 164:Core/Src/main.c ****   PeriphClkInit.PeriphClockSelection = RCC_PERIPHCLK_USB|RCC_PERIPHCLK_USART1;
 165:Core/Src/main.c ****   PeriphClkInit.Usart1ClockSelection = RCC_USART1CLKSOURCE_SYSCLK;
 166:Core/Src/main.c ****   PeriphClkInit.USBClockSelection = RCC_USBCLKSOURCE_PLL_DIV1_5;
 167:Core/Src/main.c ****   if (HAL_RCCEx_PeriphCLKConfig(&PeriphClkInit) != HAL_OK)
 168:Core/Src/main.c ****   {
 169:Core/Src/main.c ****     Error_Handler();
 170:Core/Src/main.c ****   }
 171:Core/Src/main.c **** }
 172:Core/Src/main.c **** 
 173:Core/Src/main.c **** /* USER CODE BEGIN 4 */
 174:Core/Src/main.c **** void HAL_UART_RxCpltCallback(UART_HandleTypeDef *huart)
 175:Core/Src/main.c **** { 
  30              		.loc 1 175 1 view -0
  31              		.cfi_startproc
  32              		@ args = 0, pretend = 0, frame = 0
  33              		@ frame_needed = 0, uses_anonymous_args = 0
  34              		.loc 1 175 1 is_stmt 0 view .LVU1
  35 0000 08B5     		push	{r3, lr}
  36              	.LCFI0:
  37              		.cfi_def_cfa_offset 8
  38              		.cfi_offset 3, -8
  39              		.cfi_offset 14, -4
 176:Core/Src/main.c ****   HAL_GPIO_TogglePin(LED_GPIO_Port,LED_Pin);
  40              		.loc 1 176 3 is_stmt 1 view .LVU2
  41 0002 1021     		movs	r1, #16
  42 0004 4FF09040 		mov	r0, #1207959552
  43              	.LVL1:
  44              		.loc 1 176 3 is_stmt 0 view .LVU3
  45 0008 FFF7FEFF 		bl	HAL_GPIO_TogglePin
  46              	.LVL2:
 177:Core/Src/main.c ****   //readLidarData(&huart1,&lidar,&buffer);
 178:Core/Src/main.c ****   //printf("datalength= %li , radarspeed= %f , start angle = %f , stop angle= %f , distance= %f\r\n
 179:Core/Src/main.c ****   HAL_UART_Receive_DMA(&huart1,&buffer,8);
  47              		.loc 1 179 3 is_stmt 1 view .LVU4
  48 000c 0822     		movs	r2, #8
  49 000e 0249     		ldr	r1, .L3
  50 0010 0248     		ldr	r0, .L3+4
ARM GAS  C:\Users\PIERRE~1\AppData\Local\Temp\ccQ8cJGk.s 			page 5


  51 0012 FFF7FEFF 		bl	HAL_UART_Receive_DMA
  52              	.LVL3:
 180:Core/Src/main.c **** }
  53              		.loc 1 180 1 is_stmt 0 view .LVU5
  54 0016 08BD     		pop	{r3, pc}
  55              	.L4:
  56              		.align	2
  57              	.L3:
  58 0018 00000000 		.word	.LANCHOR0
  59 001c 00000000 		.word	huart1
  60              		.cfi_endproc
  61              	.LFE128:
  63              		.section	.text.Error_Handler,"ax",%progbits
  64              		.align	1
  65              		.global	Error_Handler
  66              		.syntax unified
  67              		.thumb
  68              		.thumb_func
  69              		.fpu fpv4-sp-d16
  71              	Error_Handler:
  72              	.LFB129:
 181:Core/Src/main.c **** /* USER CODE END 4 */
 182:Core/Src/main.c **** 
 183:Core/Src/main.c **** /**
 184:Core/Src/main.c ****   * @brief  This function is executed in case of error occurrence.
 185:Core/Src/main.c ****   * @retval None
 186:Core/Src/main.c ****   */
 187:Core/Src/main.c **** void Error_Handler(void)
 188:Core/Src/main.c **** {
  73              		.loc 1 188 1 is_stmt 1 view -0
  74              		.cfi_startproc
  75              		@ Volatile: function does not return.
  76              		@ args = 0, pretend = 0, frame = 0
  77              		@ frame_needed = 0, uses_anonymous_args = 0
  78              		@ link register save eliminated.
 189:Core/Src/main.c ****   /* USER CODE BEGIN Error_Handler_Debug */
 190:Core/Src/main.c ****   //printf("error\n\r");
 191:Core/Src/main.c ****   __disable_irq();
  79              		.loc 1 191 3 view .LVU7
  80              	.LBB4:
  81              	.LBI4:
  82              		.file 2 "Drivers/CMSIS/Include/cmsis_gcc.h"
   1:Drivers/CMSIS/Include/cmsis_gcc.h **** /**************************************************************************//**
   2:Drivers/CMSIS/Include/cmsis_gcc.h ****  * @file     cmsis_gcc.h
   3:Drivers/CMSIS/Include/cmsis_gcc.h ****  * @brief    CMSIS compiler GCC header file
   4:Drivers/CMSIS/Include/cmsis_gcc.h ****  * @version  V5.0.4
   5:Drivers/CMSIS/Include/cmsis_gcc.h ****  * @date     09. April 2018
   6:Drivers/CMSIS/Include/cmsis_gcc.h ****  ******************************************************************************/
   7:Drivers/CMSIS/Include/cmsis_gcc.h **** /*
   8:Drivers/CMSIS/Include/cmsis_gcc.h ****  * Copyright (c) 2009-2018 Arm Limited. All rights reserved.
   9:Drivers/CMSIS/Include/cmsis_gcc.h ****  *
  10:Drivers/CMSIS/Include/cmsis_gcc.h ****  * SPDX-License-Identifier: Apache-2.0
  11:Drivers/CMSIS/Include/cmsis_gcc.h ****  *
  12:Drivers/CMSIS/Include/cmsis_gcc.h ****  * Licensed under the Apache License, Version 2.0 (the License); you may
  13:Drivers/CMSIS/Include/cmsis_gcc.h ****  * not use this file except in compliance with the License.
  14:Drivers/CMSIS/Include/cmsis_gcc.h ****  * You may obtain a copy of the License at
  15:Drivers/CMSIS/Include/cmsis_gcc.h ****  *
ARM GAS  C:\Users\PIERRE~1\AppData\Local\Temp\ccQ8cJGk.s 			page 6


  16:Drivers/CMSIS/Include/cmsis_gcc.h ****  * www.apache.org/licenses/LICENSE-2.0
  17:Drivers/CMSIS/Include/cmsis_gcc.h ****  *
  18:Drivers/CMSIS/Include/cmsis_gcc.h ****  * Unless required by applicable law or agreed to in writing, software
  19:Drivers/CMSIS/Include/cmsis_gcc.h ****  * distributed under the License is distributed on an AS IS BASIS, WITHOUT
  20:Drivers/CMSIS/Include/cmsis_gcc.h ****  * WARRANTIES OR CONDITIONS OF ANY KIND, either express or implied.
  21:Drivers/CMSIS/Include/cmsis_gcc.h ****  * See the License for the specific language governing permissions and
  22:Drivers/CMSIS/Include/cmsis_gcc.h ****  * limitations under the License.
  23:Drivers/CMSIS/Include/cmsis_gcc.h ****  */
  24:Drivers/CMSIS/Include/cmsis_gcc.h **** 
  25:Drivers/CMSIS/Include/cmsis_gcc.h **** #ifndef __CMSIS_GCC_H
  26:Drivers/CMSIS/Include/cmsis_gcc.h **** #define __CMSIS_GCC_H
  27:Drivers/CMSIS/Include/cmsis_gcc.h **** 
  28:Drivers/CMSIS/Include/cmsis_gcc.h **** /* ignore some GCC warnings */
  29:Drivers/CMSIS/Include/cmsis_gcc.h **** #pragma GCC diagnostic push
  30:Drivers/CMSIS/Include/cmsis_gcc.h **** #pragma GCC diagnostic ignored "-Wsign-conversion"
  31:Drivers/CMSIS/Include/cmsis_gcc.h **** #pragma GCC diagnostic ignored "-Wconversion"
  32:Drivers/CMSIS/Include/cmsis_gcc.h **** #pragma GCC diagnostic ignored "-Wunused-parameter"
  33:Drivers/CMSIS/Include/cmsis_gcc.h **** 
  34:Drivers/CMSIS/Include/cmsis_gcc.h **** /* Fallback for __has_builtin */
  35:Drivers/CMSIS/Include/cmsis_gcc.h **** #ifndef __has_builtin
  36:Drivers/CMSIS/Include/cmsis_gcc.h ****   #define __has_builtin(x) (0)
  37:Drivers/CMSIS/Include/cmsis_gcc.h **** #endif
  38:Drivers/CMSIS/Include/cmsis_gcc.h **** 
  39:Drivers/CMSIS/Include/cmsis_gcc.h **** /* CMSIS compiler specific defines */
  40:Drivers/CMSIS/Include/cmsis_gcc.h **** #ifndef   __ASM
  41:Drivers/CMSIS/Include/cmsis_gcc.h ****   #define __ASM                                  __asm
  42:Drivers/CMSIS/Include/cmsis_gcc.h **** #endif
  43:Drivers/CMSIS/Include/cmsis_gcc.h **** #ifndef   __INLINE
  44:Drivers/CMSIS/Include/cmsis_gcc.h ****   #define __INLINE                               inline
  45:Drivers/CMSIS/Include/cmsis_gcc.h **** #endif
  46:Drivers/CMSIS/Include/cmsis_gcc.h **** #ifndef   __STATIC_INLINE
  47:Drivers/CMSIS/Include/cmsis_gcc.h ****   #define __STATIC_INLINE                        static inline
  48:Drivers/CMSIS/Include/cmsis_gcc.h **** #endif
  49:Drivers/CMSIS/Include/cmsis_gcc.h **** #ifndef   __STATIC_FORCEINLINE                 
  50:Drivers/CMSIS/Include/cmsis_gcc.h ****   #define __STATIC_FORCEINLINE                   __attribute__((always_inline)) static inline
  51:Drivers/CMSIS/Include/cmsis_gcc.h **** #endif                                           
  52:Drivers/CMSIS/Include/cmsis_gcc.h **** #ifndef   __NO_RETURN
  53:Drivers/CMSIS/Include/cmsis_gcc.h ****   #define __NO_RETURN                            __attribute__((__noreturn__))
  54:Drivers/CMSIS/Include/cmsis_gcc.h **** #endif
  55:Drivers/CMSIS/Include/cmsis_gcc.h **** #ifndef   __USED
  56:Drivers/CMSIS/Include/cmsis_gcc.h ****   #define __USED                                 __attribute__((used))
  57:Drivers/CMSIS/Include/cmsis_gcc.h **** #endif
  58:Drivers/CMSIS/Include/cmsis_gcc.h **** #ifndef   __WEAK
  59:Drivers/CMSIS/Include/cmsis_gcc.h ****   #define __WEAK                                 __attribute__((weak))
  60:Drivers/CMSIS/Include/cmsis_gcc.h **** #endif
  61:Drivers/CMSIS/Include/cmsis_gcc.h **** #ifndef   __PACKED
  62:Drivers/CMSIS/Include/cmsis_gcc.h ****   #define __PACKED                               __attribute__((packed, aligned(1)))
  63:Drivers/CMSIS/Include/cmsis_gcc.h **** #endif
  64:Drivers/CMSIS/Include/cmsis_gcc.h **** #ifndef   __PACKED_STRUCT
  65:Drivers/CMSIS/Include/cmsis_gcc.h ****   #define __PACKED_STRUCT                        struct __attribute__((packed, aligned(1)))
  66:Drivers/CMSIS/Include/cmsis_gcc.h **** #endif
  67:Drivers/CMSIS/Include/cmsis_gcc.h **** #ifndef   __PACKED_UNION
  68:Drivers/CMSIS/Include/cmsis_gcc.h ****   #define __PACKED_UNION                         union __attribute__((packed, aligned(1)))
  69:Drivers/CMSIS/Include/cmsis_gcc.h **** #endif
  70:Drivers/CMSIS/Include/cmsis_gcc.h **** #ifndef   __UNALIGNED_UINT32        /* deprecated */
  71:Drivers/CMSIS/Include/cmsis_gcc.h ****   #pragma GCC diagnostic push
  72:Drivers/CMSIS/Include/cmsis_gcc.h ****   #pragma GCC diagnostic ignored "-Wpacked"
ARM GAS  C:\Users\PIERRE~1\AppData\Local\Temp\ccQ8cJGk.s 			page 7


  73:Drivers/CMSIS/Include/cmsis_gcc.h ****   #pragma GCC diagnostic ignored "-Wattributes"
  74:Drivers/CMSIS/Include/cmsis_gcc.h ****   struct __attribute__((packed)) T_UINT32 { uint32_t v; };
  75:Drivers/CMSIS/Include/cmsis_gcc.h ****   #pragma GCC diagnostic pop
  76:Drivers/CMSIS/Include/cmsis_gcc.h ****   #define __UNALIGNED_UINT32(x)                  (((struct T_UINT32 *)(x))->v)
  77:Drivers/CMSIS/Include/cmsis_gcc.h **** #endif
  78:Drivers/CMSIS/Include/cmsis_gcc.h **** #ifndef   __UNALIGNED_UINT16_WRITE
  79:Drivers/CMSIS/Include/cmsis_gcc.h ****   #pragma GCC diagnostic push
  80:Drivers/CMSIS/Include/cmsis_gcc.h ****   #pragma GCC diagnostic ignored "-Wpacked"
  81:Drivers/CMSIS/Include/cmsis_gcc.h ****   #pragma GCC diagnostic ignored "-Wattributes"
  82:Drivers/CMSIS/Include/cmsis_gcc.h ****   __PACKED_STRUCT T_UINT16_WRITE { uint16_t v; };
  83:Drivers/CMSIS/Include/cmsis_gcc.h ****   #pragma GCC diagnostic pop
  84:Drivers/CMSIS/Include/cmsis_gcc.h ****   #define __UNALIGNED_UINT16_WRITE(addr, val)    (void)((((struct T_UINT16_WRITE *)(void *)(addr))-
  85:Drivers/CMSIS/Include/cmsis_gcc.h **** #endif
  86:Drivers/CMSIS/Include/cmsis_gcc.h **** #ifndef   __UNALIGNED_UINT16_READ
  87:Drivers/CMSIS/Include/cmsis_gcc.h ****   #pragma GCC diagnostic push
  88:Drivers/CMSIS/Include/cmsis_gcc.h ****   #pragma GCC diagnostic ignored "-Wpacked"
  89:Drivers/CMSIS/Include/cmsis_gcc.h ****   #pragma GCC diagnostic ignored "-Wattributes"
  90:Drivers/CMSIS/Include/cmsis_gcc.h ****   __PACKED_STRUCT T_UINT16_READ { uint16_t v; };
  91:Drivers/CMSIS/Include/cmsis_gcc.h ****   #pragma GCC diagnostic pop
  92:Drivers/CMSIS/Include/cmsis_gcc.h ****   #define __UNALIGNED_UINT16_READ(addr)          (((const struct T_UINT16_READ *)(const void *)(add
  93:Drivers/CMSIS/Include/cmsis_gcc.h **** #endif
  94:Drivers/CMSIS/Include/cmsis_gcc.h **** #ifndef   __UNALIGNED_UINT32_WRITE
  95:Drivers/CMSIS/Include/cmsis_gcc.h ****   #pragma GCC diagnostic push
  96:Drivers/CMSIS/Include/cmsis_gcc.h ****   #pragma GCC diagnostic ignored "-Wpacked"
  97:Drivers/CMSIS/Include/cmsis_gcc.h ****   #pragma GCC diagnostic ignored "-Wattributes"
  98:Drivers/CMSIS/Include/cmsis_gcc.h ****   __PACKED_STRUCT T_UINT32_WRITE { uint32_t v; };
  99:Drivers/CMSIS/Include/cmsis_gcc.h ****   #pragma GCC diagnostic pop
 100:Drivers/CMSIS/Include/cmsis_gcc.h ****   #define __UNALIGNED_UINT32_WRITE(addr, val)    (void)((((struct T_UINT32_WRITE *)(void *)(addr))-
 101:Drivers/CMSIS/Include/cmsis_gcc.h **** #endif
 102:Drivers/CMSIS/Include/cmsis_gcc.h **** #ifndef   __UNALIGNED_UINT32_READ
 103:Drivers/CMSIS/Include/cmsis_gcc.h ****   #pragma GCC diagnostic push
 104:Drivers/CMSIS/Include/cmsis_gcc.h ****   #pragma GCC diagnostic ignored "-Wpacked"
 105:Drivers/CMSIS/Include/cmsis_gcc.h ****   #pragma GCC diagnostic ignored "-Wattributes"
 106:Drivers/CMSIS/Include/cmsis_gcc.h ****   __PACKED_STRUCT T_UINT32_READ { uint32_t v; };
 107:Drivers/CMSIS/Include/cmsis_gcc.h ****   #pragma GCC diagnostic pop
 108:Drivers/CMSIS/Include/cmsis_gcc.h ****   #define __UNALIGNED_UINT32_READ(addr)          (((const struct T_UINT32_READ *)(const void *)(add
 109:Drivers/CMSIS/Include/cmsis_gcc.h **** #endif
 110:Drivers/CMSIS/Include/cmsis_gcc.h **** #ifndef   __ALIGNED
 111:Drivers/CMSIS/Include/cmsis_gcc.h ****   #define __ALIGNED(x)                           __attribute__((aligned(x)))
 112:Drivers/CMSIS/Include/cmsis_gcc.h **** #endif
 113:Drivers/CMSIS/Include/cmsis_gcc.h **** #ifndef   __RESTRICT
 114:Drivers/CMSIS/Include/cmsis_gcc.h ****   #define __RESTRICT                             __restrict
 115:Drivers/CMSIS/Include/cmsis_gcc.h **** #endif
 116:Drivers/CMSIS/Include/cmsis_gcc.h **** 
 117:Drivers/CMSIS/Include/cmsis_gcc.h **** 
 118:Drivers/CMSIS/Include/cmsis_gcc.h **** /* ###########################  Core Function Access  ########################### */
 119:Drivers/CMSIS/Include/cmsis_gcc.h **** /** \ingroup  CMSIS_Core_FunctionInterface
 120:Drivers/CMSIS/Include/cmsis_gcc.h ****     \defgroup CMSIS_Core_RegAccFunctions CMSIS Core Register Access Functions
 121:Drivers/CMSIS/Include/cmsis_gcc.h ****   @{
 122:Drivers/CMSIS/Include/cmsis_gcc.h ****  */
 123:Drivers/CMSIS/Include/cmsis_gcc.h **** 
 124:Drivers/CMSIS/Include/cmsis_gcc.h **** /**
 125:Drivers/CMSIS/Include/cmsis_gcc.h ****   \brief   Enable IRQ Interrupts
 126:Drivers/CMSIS/Include/cmsis_gcc.h ****   \details Enables IRQ interrupts by clearing the I-bit in the CPSR.
 127:Drivers/CMSIS/Include/cmsis_gcc.h ****            Can only be executed in Privileged modes.
 128:Drivers/CMSIS/Include/cmsis_gcc.h ****  */
 129:Drivers/CMSIS/Include/cmsis_gcc.h **** __STATIC_FORCEINLINE void __enable_irq(void)
ARM GAS  C:\Users\PIERRE~1\AppData\Local\Temp\ccQ8cJGk.s 			page 8


 130:Drivers/CMSIS/Include/cmsis_gcc.h **** {
 131:Drivers/CMSIS/Include/cmsis_gcc.h ****   __ASM volatile ("cpsie i" : : : "memory");
 132:Drivers/CMSIS/Include/cmsis_gcc.h **** }
 133:Drivers/CMSIS/Include/cmsis_gcc.h **** 
 134:Drivers/CMSIS/Include/cmsis_gcc.h **** 
 135:Drivers/CMSIS/Include/cmsis_gcc.h **** /**
 136:Drivers/CMSIS/Include/cmsis_gcc.h ****   \brief   Disable IRQ Interrupts
 137:Drivers/CMSIS/Include/cmsis_gcc.h ****   \details Disables IRQ interrupts by setting the I-bit in the CPSR.
 138:Drivers/CMSIS/Include/cmsis_gcc.h ****            Can only be executed in Privileged modes.
 139:Drivers/CMSIS/Include/cmsis_gcc.h ****  */
 140:Drivers/CMSIS/Include/cmsis_gcc.h **** __STATIC_FORCEINLINE void __disable_irq(void)
  83              		.loc 2 140 27 view .LVU8
  84              	.LBB5:
 141:Drivers/CMSIS/Include/cmsis_gcc.h **** {
 142:Drivers/CMSIS/Include/cmsis_gcc.h ****   __ASM volatile ("cpsid i" : : : "memory");
  85              		.loc 2 142 3 view .LVU9
  86              		.syntax unified
  87              	@ 142 "Drivers/CMSIS/Include/cmsis_gcc.h" 1
  88 0000 72B6     		cpsid i
  89              	@ 0 "" 2
  90              		.thumb
  91              		.syntax unified
  92              	.L6:
  93              	.LBE5:
  94              	.LBE4:
 192:Core/Src/main.c ****   while (1)
  95              		.loc 1 192 3 discriminator 1 view .LVU10
 193:Core/Src/main.c ****   {
 194:Core/Src/main.c ****   }
  96              		.loc 1 194 3 discriminator 1 view .LVU11
 192:Core/Src/main.c ****   while (1)
  97              		.loc 1 192 9 discriminator 1 view .LVU12
  98 0002 FEE7     		b	.L6
  99              		.cfi_endproc
 100              	.LFE129:
 102              		.section	.text.SystemClock_Config,"ax",%progbits
 103              		.align	1
 104              		.global	SystemClock_Config
 105              		.syntax unified
 106              		.thumb
 107              		.thumb_func
 108              		.fpu fpv4-sp-d16
 110              	SystemClock_Config:
 111              	.LFB127:
 132:Core/Src/main.c ****   RCC_OscInitTypeDef RCC_OscInitStruct = {0};
 112              		.loc 1 132 1 view -0
 113              		.cfi_startproc
 114              		@ args = 0, pretend = 0, frame = 112
 115              		@ frame_needed = 0, uses_anonymous_args = 0
 116 0000 10B5     		push	{r4, lr}
 117              	.LCFI1:
 118              		.cfi_def_cfa_offset 8
 119              		.cfi_offset 4, -8
 120              		.cfi_offset 14, -4
 121 0002 9CB0     		sub	sp, sp, #112
 122              	.LCFI2:
 123              		.cfi_def_cfa_offset 120
ARM GAS  C:\Users\PIERRE~1\AppData\Local\Temp\ccQ8cJGk.s 			page 9


 133:Core/Src/main.c ****   RCC_ClkInitTypeDef RCC_ClkInitStruct = {0};
 124              		.loc 1 133 3 view .LVU14
 133:Core/Src/main.c ****   RCC_ClkInitTypeDef RCC_ClkInitStruct = {0};
 125              		.loc 1 133 22 is_stmt 0 view .LVU15
 126 0004 0024     		movs	r4, #0
 127 0006 1594     		str	r4, [sp, #84]
 128 0008 1794     		str	r4, [sp, #92]
 129 000a 1894     		str	r4, [sp, #96]
 134:Core/Src/main.c ****   RCC_PeriphCLKInitTypeDef PeriphClkInit = {0};
 130              		.loc 1 134 3 is_stmt 1 view .LVU16
 134:Core/Src/main.c ****   RCC_PeriphCLKInitTypeDef PeriphClkInit = {0};
 131              		.loc 1 134 22 is_stmt 0 view .LVU17
 132 000c 0D94     		str	r4, [sp, #52]
 133 000e 0E94     		str	r4, [sp, #56]
 134 0010 0F94     		str	r4, [sp, #60]
 135 0012 1094     		str	r4, [sp, #64]
 136 0014 1194     		str	r4, [sp, #68]
 135:Core/Src/main.c **** 
 137              		.loc 1 135 3 is_stmt 1 view .LVU18
 135:Core/Src/main.c **** 
 138              		.loc 1 135 28 is_stmt 0 view .LVU19
 139 0016 3422     		movs	r2, #52
 140 0018 2146     		mov	r1, r4
 141 001a 6846     		mov	r0, sp
 142 001c FFF7FEFF 		bl	memset
 143              	.LVL4:
 140:Core/Src/main.c ****   RCC_OscInitStruct.HSEState = RCC_HSE_ON;
 144              		.loc 1 140 3 is_stmt 1 view .LVU20
 140:Core/Src/main.c ****   RCC_OscInitStruct.HSEState = RCC_HSE_ON;
 145              		.loc 1 140 36 is_stmt 0 view .LVU21
 146 0020 0122     		movs	r2, #1
 147 0022 1292     		str	r2, [sp, #72]
 141:Core/Src/main.c ****   RCC_OscInitStruct.HSEPredivValue = RCC_HSE_PREDIV_DIV1;
 148              		.loc 1 141 3 is_stmt 1 view .LVU22
 141:Core/Src/main.c ****   RCC_OscInitStruct.HSEPredivValue = RCC_HSE_PREDIV_DIV1;
 149              		.loc 1 141 30 is_stmt 0 view .LVU23
 150 0024 4FF48033 		mov	r3, #65536
 151 0028 1393     		str	r3, [sp, #76]
 142:Core/Src/main.c ****   RCC_OscInitStruct.HSIState = RCC_HSI_ON;
 152              		.loc 1 142 3 is_stmt 1 view .LVU24
 142:Core/Src/main.c ****   RCC_OscInitStruct.HSIState = RCC_HSI_ON;
 153              		.loc 1 142 36 is_stmt 0 view .LVU25
 154 002a 1494     		str	r4, [sp, #80]
 143:Core/Src/main.c ****   RCC_OscInitStruct.PLL.PLLState = RCC_PLL_ON;
 155              		.loc 1 143 3 is_stmt 1 view .LVU26
 143:Core/Src/main.c ****   RCC_OscInitStruct.PLL.PLLState = RCC_PLL_ON;
 156              		.loc 1 143 30 is_stmt 0 view .LVU27
 157 002c 1692     		str	r2, [sp, #88]
 144:Core/Src/main.c ****   RCC_OscInitStruct.PLL.PLLSource = RCC_PLLSOURCE_HSE;
 158              		.loc 1 144 3 is_stmt 1 view .LVU28
 144:Core/Src/main.c ****   RCC_OscInitStruct.PLL.PLLSource = RCC_PLLSOURCE_HSE;
 159              		.loc 1 144 34 is_stmt 0 view .LVU29
 160 002e 0222     		movs	r2, #2
 161 0030 1992     		str	r2, [sp, #100]
 145:Core/Src/main.c ****   RCC_OscInitStruct.PLL.PLLMUL = RCC_PLL_MUL9;
 162              		.loc 1 145 3 is_stmt 1 view .LVU30
 145:Core/Src/main.c ****   RCC_OscInitStruct.PLL.PLLMUL = RCC_PLL_MUL9;
ARM GAS  C:\Users\PIERRE~1\AppData\Local\Temp\ccQ8cJGk.s 			page 10


 163              		.loc 1 145 35 is_stmt 0 view .LVU31
 164 0032 1A93     		str	r3, [sp, #104]
 146:Core/Src/main.c ****   if (HAL_RCC_OscConfig(&RCC_OscInitStruct) != HAL_OK)
 165              		.loc 1 146 3 is_stmt 1 view .LVU32
 146:Core/Src/main.c ****   if (HAL_RCC_OscConfig(&RCC_OscInitStruct) != HAL_OK)
 166              		.loc 1 146 32 is_stmt 0 view .LVU33
 167 0034 4FF4E013 		mov	r3, #1835008
 168 0038 1B93     		str	r3, [sp, #108]
 147:Core/Src/main.c ****   {
 169              		.loc 1 147 3 is_stmt 1 view .LVU34
 147:Core/Src/main.c ****   {
 170              		.loc 1 147 7 is_stmt 0 view .LVU35
 171 003a 12A8     		add	r0, sp, #72
 172 003c FFF7FEFF 		bl	HAL_RCC_OscConfig
 173              	.LVL5:
 147:Core/Src/main.c ****   {
 174              		.loc 1 147 6 view .LVU36
 175 0040 C8B9     		cbnz	r0, .L12
 153:Core/Src/main.c ****                               |RCC_CLOCKTYPE_PCLK1|RCC_CLOCKTYPE_PCLK2;
 176              		.loc 1 153 3 is_stmt 1 view .LVU37
 153:Core/Src/main.c ****                               |RCC_CLOCKTYPE_PCLK1|RCC_CLOCKTYPE_PCLK2;
 177              		.loc 1 153 31 is_stmt 0 view .LVU38
 178 0042 0F23     		movs	r3, #15
 179 0044 0D93     		str	r3, [sp, #52]
 155:Core/Src/main.c ****   RCC_ClkInitStruct.AHBCLKDivider = RCC_SYSCLK_DIV1;
 180              		.loc 1 155 3 is_stmt 1 view .LVU39
 155:Core/Src/main.c ****   RCC_ClkInitStruct.AHBCLKDivider = RCC_SYSCLK_DIV1;
 181              		.loc 1 155 34 is_stmt 0 view .LVU40
 182 0046 0221     		movs	r1, #2
 183 0048 0E91     		str	r1, [sp, #56]
 156:Core/Src/main.c ****   RCC_ClkInitStruct.APB1CLKDivider = RCC_HCLK_DIV2;
 184              		.loc 1 156 3 is_stmt 1 view .LVU41
 156:Core/Src/main.c ****   RCC_ClkInitStruct.APB1CLKDivider = RCC_HCLK_DIV2;
 185              		.loc 1 156 35 is_stmt 0 view .LVU42
 186 004a 0023     		movs	r3, #0
 187 004c 0F93     		str	r3, [sp, #60]
 157:Core/Src/main.c ****   RCC_ClkInitStruct.APB2CLKDivider = RCC_HCLK_DIV1;
 188              		.loc 1 157 3 is_stmt 1 view .LVU43
 157:Core/Src/main.c ****   RCC_ClkInitStruct.APB2CLKDivider = RCC_HCLK_DIV1;
 189              		.loc 1 157 36 is_stmt 0 view .LVU44
 190 004e 4FF48062 		mov	r2, #1024
 191 0052 1092     		str	r2, [sp, #64]
 158:Core/Src/main.c **** 
 192              		.loc 1 158 3 is_stmt 1 view .LVU45
 158:Core/Src/main.c **** 
 193              		.loc 1 158 36 is_stmt 0 view .LVU46
 194 0054 1193     		str	r3, [sp, #68]
 160:Core/Src/main.c ****   {
 195              		.loc 1 160 3 is_stmt 1 view .LVU47
 160:Core/Src/main.c ****   {
 196              		.loc 1 160 7 is_stmt 0 view .LVU48
 197 0056 0DA8     		add	r0, sp, #52
 198 0058 FFF7FEFF 		bl	HAL_RCC_ClockConfig
 199              	.LVL6:
 160:Core/Src/main.c ****   {
 200              		.loc 1 160 6 view .LVU49
 201 005c 68B9     		cbnz	r0, .L13
ARM GAS  C:\Users\PIERRE~1\AppData\Local\Temp\ccQ8cJGk.s 			page 11


 164:Core/Src/main.c ****   PeriphClkInit.Usart1ClockSelection = RCC_USART1CLKSOURCE_SYSCLK;
 202              		.loc 1 164 3 is_stmt 1 view .LVU50
 164:Core/Src/main.c ****   PeriphClkInit.Usart1ClockSelection = RCC_USART1CLKSOURCE_SYSCLK;
 203              		.loc 1 164 38 is_stmt 0 view .LVU51
 204 005e 094B     		ldr	r3, .L15
 205 0060 0093     		str	r3, [sp]
 165:Core/Src/main.c ****   PeriphClkInit.USBClockSelection = RCC_USBCLKSOURCE_PLL_DIV1_5;
 206              		.loc 1 165 3 is_stmt 1 view .LVU52
 165:Core/Src/main.c ****   PeriphClkInit.USBClockSelection = RCC_USBCLKSOURCE_PLL_DIV1_5;
 207              		.loc 1 165 38 is_stmt 0 view .LVU53
 208 0062 0123     		movs	r3, #1
 209 0064 0293     		str	r3, [sp, #8]
 166:Core/Src/main.c ****   if (HAL_RCCEx_PeriphCLKConfig(&PeriphClkInit) != HAL_OK)
 210              		.loc 1 166 3 is_stmt 1 view .LVU54
 166:Core/Src/main.c ****   if (HAL_RCCEx_PeriphCLKConfig(&PeriphClkInit) != HAL_OK)
 211              		.loc 1 166 35 is_stmt 0 view .LVU55
 212 0066 0023     		movs	r3, #0
 213 0068 0C93     		str	r3, [sp, #48]
 167:Core/Src/main.c ****   {
 214              		.loc 1 167 3 is_stmt 1 view .LVU56
 167:Core/Src/main.c ****   {
 215              		.loc 1 167 7 is_stmt 0 view .LVU57
 216 006a 6846     		mov	r0, sp
 217 006c FFF7FEFF 		bl	HAL_RCCEx_PeriphCLKConfig
 218              	.LVL7:
 167:Core/Src/main.c ****   {
 219              		.loc 1 167 6 view .LVU58
 220 0070 28B9     		cbnz	r0, .L14
 171:Core/Src/main.c **** 
 221              		.loc 1 171 1 view .LVU59
 222 0072 1CB0     		add	sp, sp, #112
 223              	.LCFI3:
 224              		.cfi_remember_state
 225              		.cfi_def_cfa_offset 8
 226              		@ sp needed
 227 0074 10BD     		pop	{r4, pc}
 228              	.L12:
 229              	.LCFI4:
 230              		.cfi_restore_state
 149:Core/Src/main.c ****   }
 231              		.loc 1 149 5 is_stmt 1 view .LVU60
 232 0076 FFF7FEFF 		bl	Error_Handler
 233              	.LVL8:
 234              	.L13:
 162:Core/Src/main.c ****   }
 235              		.loc 1 162 5 view .LVU61
 236 007a FFF7FEFF 		bl	Error_Handler
 237              	.LVL9:
 238              	.L14:
 169:Core/Src/main.c ****   }
 239              		.loc 1 169 5 view .LVU62
 240 007e FFF7FEFF 		bl	Error_Handler
 241              	.LVL10:
 242              	.L16:
 243 0082 00BF     		.align	2
 244              	.L15:
 245 0084 01000200 		.word	131073
ARM GAS  C:\Users\PIERRE~1\AppData\Local\Temp\ccQ8cJGk.s 			page 12


 246              		.cfi_endproc
 247              	.LFE127:
 249              		.section	.text.main,"ax",%progbits
 250              		.align	1
 251              		.global	main
 252              		.syntax unified
 253              		.thumb
 254              		.thumb_func
 255              		.fpu fpv4-sp-d16
 257              	main:
 258              	.LFB126:
  79:Core/Src/main.c ****   /* USER CODE BEGIN 1 */
 259              		.loc 1 79 1 view -0
 260              		.cfi_startproc
 261              		@ Volatile: function does not return.
 262              		@ args = 0, pretend = 0, frame = 0
 263              		@ frame_needed = 0, uses_anonymous_args = 0
 264 0000 08B5     		push	{r3, lr}
 265              	.LCFI5:
 266              		.cfi_def_cfa_offset 8
 267              		.cfi_offset 3, -8
 268              		.cfi_offset 14, -4
  87:Core/Src/main.c **** 
 269              		.loc 1 87 3 view .LVU64
 270 0002 FFF7FEFF 		bl	HAL_Init
 271              	.LVL11:
  94:Core/Src/main.c **** 
 272              		.loc 1 94 3 view .LVU65
 273 0006 FFF7FEFF 		bl	SystemClock_Config
 274              	.LVL12:
 101:Core/Src/main.c ****   MX_DMA_Init();
 275              		.loc 1 101 3 view .LVU66
 276 000a FFF7FEFF 		bl	MX_GPIO_Init
 277              	.LVL13:
 102:Core/Src/main.c ****   MX_USART1_UART_Init();
 278              		.loc 1 102 3 view .LVU67
 279 000e FFF7FEFF 		bl	MX_DMA_Init
 280              	.LVL14:
 103:Core/Src/main.c ****   MX_USB_DEVICE_Init();
 281              		.loc 1 103 3 view .LVU68
 282 0012 FFF7FEFF 		bl	MX_USART1_UART_Init
 283              	.LVL15:
 104:Core/Src/main.c ****   /* USER CODE BEGIN 2 */
 284              		.loc 1 104 3 view .LVU69
 285 0016 FFF7FEFF 		bl	MX_USB_DEVICE_Init
 286              	.LVL16:
 106:Core/Src/main.c ****   UART_Start_Receive_DMA(&huart1,&buffer,sizeof(buffer));
 287              		.loc 1 106 3 view .LVU70
 288 001a 064D     		ldr	r5, .L20
 289 001c 064C     		ldr	r4, .L20+4
 290 001e 0122     		movs	r2, #1
 291 0020 2946     		mov	r1, r5
 292 0022 2046     		mov	r0, r4
 293 0024 FFF7FEFF 		bl	HAL_UART_Receive_DMA
 294              	.LVL17:
 107:Core/Src/main.c ****   //HAL_GPIO_TogglePin(LED_GPIO_Port,LED_Pin);
 295              		.loc 1 107 3 view .LVU71
ARM GAS  C:\Users\PIERRE~1\AppData\Local\Temp\ccQ8cJGk.s 			page 13


 296 0028 0122     		movs	r2, #1
 297 002a 2946     		mov	r1, r5
 298 002c 2046     		mov	r0, r4
 299 002e FFF7FEFF 		bl	UART_Start_Receive_DMA
 300              	.LVL18:
 301              	.L18:
 114:Core/Src/main.c ****   {
 302              		.loc 1 114 3 discriminator 1 view .LVU72
 123:Core/Src/main.c ****   /* USER CODE END 3 */
 303              		.loc 1 123 3 discriminator 1 view .LVU73
 114:Core/Src/main.c ****   {
 304              		.loc 1 114 9 discriminator 1 view .LVU74
 305 0032 FEE7     		b	.L18
 306              	.L21:
 307              		.align	2
 308              	.L20:
 309 0034 00000000 		.word	.LANCHOR0
 310 0038 00000000 		.word	huart1
 311              		.cfi_endproc
 312              	.LFE126:
 314              		.global	TXmsg
 315              		.global	buffer
 316              		.comm	lidar,152,4
 317              		.section	.bss.buffer,"aw",%nobits
 318              		.set	.LANCHOR0,. + 0
 321              	buffer:
 322 0000 00       		.space	1
 323              		.section	.data.TXmsg,"aw"
 326              	TXmsg:
 327 0000 01       		.byte	1
 328              		.text
 329              	.Letext0:
 330              		.file 3 "c:\\users\\pierre-anthony\\.vscode\\extensions\\buzzyelectronics.stm-helper-1.2.9\\armgcc
 331              		.file 4 "c:\\users\\pierre-anthony\\.vscode\\extensions\\buzzyelectronics.stm-helper-1.2.9\\armgcc
 332              		.file 5 "Drivers/CMSIS/Include/core_cm4.h"
 333              		.file 6 "Drivers/CMSIS/Device/ST/STM32F3xx/Include/system_stm32f3xx.h"
 334              		.file 7 "Drivers/CMSIS/Device/ST/STM32F3xx/Include/stm32f302x8.h"
 335              		.file 8 "Drivers/STM32F3xx_HAL_Driver/Inc/stm32f3xx_hal_def.h"
 336              		.file 9 "Drivers/STM32F3xx_HAL_Driver/Inc/stm32f3xx_hal_rcc.h"
 337              		.file 10 "Drivers/STM32F3xx_HAL_Driver/Inc/stm32f3xx_hal_rcc_ex.h"
 338              		.file 11 "Drivers/STM32F3xx_HAL_Driver/Inc/stm32f3xx_hal_dma.h"
 339              		.file 12 "Drivers/STM32F3xx_HAL_Driver/Inc/stm32f3xx_hal_uart.h"
 340              		.file 13 "Drivers/STM32F3xx_HAL_Driver/Inc/stm32f3xx_hal.h"
 341              		.file 14 "Core/Inc/usart.h"
 342              		.file 15 "c:\\users\\pierre-anthony\\.vscode\\extensions\\buzzyelectronics.stm-helper-1.2.9\\armgc
 343              		.file 16 "c:\\users\\pierre-anthony\\.vscode\\extensions\\buzzyelectronics.stm-helper-1.2.9\\armgc
 344              		.file 17 "c:\\users\\pierre-anthony\\.vscode\\extensions\\buzzyelectronics.stm-helper-1.2.9\\armgc
 345              		.file 18 "c:\\users\\pierre-anthony\\.vscode\\extensions\\buzzyelectronics.stm-helper-1.2.9\\armgc
 346              		.file 19 "Core/Inc/ld06.h"
 347              		.file 20 "c:\\users\\pierre-anthony\\.vscode\\extensions\\buzzyelectronics.stm-helper-1.2.9\\armgc
 348              		.file 21 "Drivers/STM32F3xx_HAL_Driver/Inc/stm32f3xx_hal_gpio.h"
 349              		.file 22 "Core/Inc/gpio.h"
 350              		.file 23 "Core/Inc/dma.h"
 351              		.file 24 "USB_DEVICE/App/usb_device.h"
 352              		.file 25 "<built-in>"
ARM GAS  C:\Users\PIERRE~1\AppData\Local\Temp\ccQ8cJGk.s 			page 14


DEFINED SYMBOLS
                            *ABS*:0000000000000000 main.c
C:\Users\PIERRE~1\AppData\Local\Temp\ccQ8cJGk.s:18     .text.HAL_UART_RxCpltCallback:0000000000000000 $t
C:\Users\PIERRE~1\AppData\Local\Temp\ccQ8cJGk.s:26     .text.HAL_UART_RxCpltCallback:0000000000000000 HAL_UART_RxCpltCallback
C:\Users\PIERRE~1\AppData\Local\Temp\ccQ8cJGk.s:58     .text.HAL_UART_RxCpltCallback:0000000000000018 $d
C:\Users\PIERRE~1\AppData\Local\Temp\ccQ8cJGk.s:64     .text.Error_Handler:0000000000000000 $t
C:\Users\PIERRE~1\AppData\Local\Temp\ccQ8cJGk.s:71     .text.Error_Handler:0000000000000000 Error_Handler
C:\Users\PIERRE~1\AppData\Local\Temp\ccQ8cJGk.s:103    .text.SystemClock_Config:0000000000000000 $t
C:\Users\PIERRE~1\AppData\Local\Temp\ccQ8cJGk.s:110    .text.SystemClock_Config:0000000000000000 SystemClock_Config
C:\Users\PIERRE~1\AppData\Local\Temp\ccQ8cJGk.s:245    .text.SystemClock_Config:0000000000000084 $d
C:\Users\PIERRE~1\AppData\Local\Temp\ccQ8cJGk.s:250    .text.main:0000000000000000 $t
C:\Users\PIERRE~1\AppData\Local\Temp\ccQ8cJGk.s:257    .text.main:0000000000000000 main
C:\Users\PIERRE~1\AppData\Local\Temp\ccQ8cJGk.s:309    .text.main:0000000000000034 $d
C:\Users\PIERRE~1\AppData\Local\Temp\ccQ8cJGk.s:326    .data.TXmsg:0000000000000000 TXmsg
C:\Users\PIERRE~1\AppData\Local\Temp\ccQ8cJGk.s:321    .bss.buffer:0000000000000000 buffer
                            *COM*:0000000000000098 lidar
C:\Users\PIERRE~1\AppData\Local\Temp\ccQ8cJGk.s:322    .bss.buffer:0000000000000000 $d

UNDEFINED SYMBOLS
HAL_GPIO_TogglePin
HAL_UART_Receive_DMA
huart1
memset
HAL_RCC_OscConfig
HAL_RCC_ClockConfig
HAL_RCCEx_PeriphCLKConfig
HAL_Init
MX_GPIO_Init
MX_DMA_Init
MX_USART1_UART_Init
MX_USB_DEVICE_Init
UART_Start_Receive_DMA
