ARM GAS  C:\Users\pierr\AppData\Local\Temp\ccqBHxDc.s 			page 1


   1              		.cpu cortex-m4
   2              		.eabi_attribute 27, 1
   3              		.eabi_attribute 28, 1
   4              		.eabi_attribute 20, 1
   5              		.eabi_attribute 21, 1
   6              		.eabi_attribute 23, 3
   7              		.eabi_attribute 24, 1
   8              		.eabi_attribute 25, 1
   9              		.eabi_attribute 26, 1
  10              		.eabi_attribute 30, 1
  11              		.eabi_attribute 34, 1
  12              		.eabi_attribute 18, 4
  13              		.file	"usart.c"
  14              		.text
  15              	.Ltext0:
  16              		.cfi_sections	.debug_frame
  17              		.section	.text.MX_USART1_UART_Init,"ax",%progbits
  18              		.align	1
  19              		.global	MX_USART1_UART_Init
  20              		.arch armv7e-m
  21              		.syntax unified
  22              		.thumb
  23              		.thumb_func
  24              		.fpu fpv4-sp-d16
  26              	MX_USART1_UART_Init:
  27              	.LFB123:
  28              		.file 1 "Core/Src/usart.c"
   1:Core/Src/usart.c **** /**
   2:Core/Src/usart.c ****   ******************************************************************************
   3:Core/Src/usart.c ****   * @file    usart.c
   4:Core/Src/usart.c ****   * @brief   This file provides code for the configuration
   5:Core/Src/usart.c ****   *          of the USART instances.
   6:Core/Src/usart.c ****   ******************************************************************************
   7:Core/Src/usart.c ****   * @attention
   8:Core/Src/usart.c ****   *
   9:Core/Src/usart.c ****   * <h2><center>&copy; Copyright (c) 2021 STMicroelectronics.
  10:Core/Src/usart.c ****   * All rights reserved.</center></h2>
  11:Core/Src/usart.c ****   *
  12:Core/Src/usart.c ****   * This software component is licensed by ST under Ultimate Liberty license
  13:Core/Src/usart.c ****   * SLA0044, the "License"; You may not use this file except in compliance with
  14:Core/Src/usart.c ****   * the License. You may obtain a copy of the License at:
  15:Core/Src/usart.c ****   *                             www.st.com/SLA0044
  16:Core/Src/usart.c ****   *
  17:Core/Src/usart.c ****   ******************************************************************************
  18:Core/Src/usart.c ****   */
  19:Core/Src/usart.c **** 
  20:Core/Src/usart.c **** /* Includes ------------------------------------------------------------------*/
  21:Core/Src/usart.c **** #include "usart.h"
  22:Core/Src/usart.c **** 
  23:Core/Src/usart.c **** /* USER CODE BEGIN 0 */
  24:Core/Src/usart.c **** 
  25:Core/Src/usart.c **** /* USER CODE END 0 */
  26:Core/Src/usart.c **** 
  27:Core/Src/usart.c **** UART_HandleTypeDef huart1;
  28:Core/Src/usart.c **** DMA_HandleTypeDef hdma_usart1_rx;
  29:Core/Src/usart.c **** 
  30:Core/Src/usart.c **** /* USART1 init function */
ARM GAS  C:\Users\pierr\AppData\Local\Temp\ccqBHxDc.s 			page 2


  31:Core/Src/usart.c **** 
  32:Core/Src/usart.c **** void MX_USART1_UART_Init(void)
  33:Core/Src/usart.c **** {
  29              		.loc 1 33 1 view -0
  30              		.cfi_startproc
  31              		@ args = 0, pretend = 0, frame = 0
  32              		@ frame_needed = 0, uses_anonymous_args = 0
  33 0000 08B5     		push	{r3, lr}
  34              	.LCFI0:
  35              		.cfi_def_cfa_offset 8
  36              		.cfi_offset 3, -8
  37              		.cfi_offset 14, -4
  34:Core/Src/usart.c **** 
  35:Core/Src/usart.c ****   huart1.Instance = USART1;
  38              		.loc 1 35 3 view .LVU1
  39              		.loc 1 35 19 is_stmt 0 view .LVU2
  40 0002 0B48     		ldr	r0, .L5
  41 0004 0B4B     		ldr	r3, .L5+4
  42 0006 0360     		str	r3, [r0]
  36:Core/Src/usart.c ****   huart1.Init.BaudRate = 230400;
  43              		.loc 1 36 3 is_stmt 1 view .LVU3
  44              		.loc 1 36 24 is_stmt 0 view .LVU4
  45 0008 4FF46133 		mov	r3, #230400
  46 000c 4360     		str	r3, [r0, #4]
  37:Core/Src/usart.c ****   huart1.Init.WordLength = UART_WORDLENGTH_8B;
  47              		.loc 1 37 3 is_stmt 1 view .LVU5
  48              		.loc 1 37 26 is_stmt 0 view .LVU6
  49 000e 0023     		movs	r3, #0
  50 0010 8360     		str	r3, [r0, #8]
  38:Core/Src/usart.c ****   huart1.Init.StopBits = UART_STOPBITS_1;
  51              		.loc 1 38 3 is_stmt 1 view .LVU7
  52              		.loc 1 38 24 is_stmt 0 view .LVU8
  53 0012 C360     		str	r3, [r0, #12]
  39:Core/Src/usart.c ****   huart1.Init.Parity = UART_PARITY_NONE;
  54              		.loc 1 39 3 is_stmt 1 view .LVU9
  55              		.loc 1 39 22 is_stmt 0 view .LVU10
  56 0014 0361     		str	r3, [r0, #16]
  40:Core/Src/usart.c ****   huart1.Init.Mode = UART_MODE_TX_RX;
  57              		.loc 1 40 3 is_stmt 1 view .LVU11
  58              		.loc 1 40 20 is_stmt 0 view .LVU12
  59 0016 0C22     		movs	r2, #12
  60 0018 4261     		str	r2, [r0, #20]
  41:Core/Src/usart.c ****   huart1.Init.HwFlowCtl = UART_HWCONTROL_NONE;
  61              		.loc 1 41 3 is_stmt 1 view .LVU13
  62              		.loc 1 41 25 is_stmt 0 view .LVU14
  63 001a 8361     		str	r3, [r0, #24]
  42:Core/Src/usart.c ****   huart1.Init.OverSampling = UART_OVERSAMPLING_16;
  64              		.loc 1 42 3 is_stmt 1 view .LVU15
  65              		.loc 1 42 28 is_stmt 0 view .LVU16
  66 001c C361     		str	r3, [r0, #28]
  43:Core/Src/usart.c ****   huart1.Init.OneBitSampling = UART_ONE_BIT_SAMPLE_DISABLE;
  67              		.loc 1 43 3 is_stmt 1 view .LVU17
  68              		.loc 1 43 30 is_stmt 0 view .LVU18
  69 001e 0362     		str	r3, [r0, #32]
  44:Core/Src/usart.c ****   huart1.AdvancedInit.AdvFeatureInit = UART_ADVFEATURE_NO_INIT;
  70              		.loc 1 44 3 is_stmt 1 view .LVU19
  71              		.loc 1 44 38 is_stmt 0 view .LVU20
ARM GAS  C:\Users\pierr\AppData\Local\Temp\ccqBHxDc.s 			page 3


  72 0020 4362     		str	r3, [r0, #36]
  45:Core/Src/usart.c ****   if (HAL_UART_Init(&huart1) != HAL_OK)
  73              		.loc 1 45 3 is_stmt 1 view .LVU21
  74              		.loc 1 45 7 is_stmt 0 view .LVU22
  75 0022 FFF7FEFF 		bl	HAL_UART_Init
  76              	.LVL0:
  77              		.loc 1 45 6 view .LVU23
  78 0026 00B9     		cbnz	r0, .L4
  79              	.L1:
  46:Core/Src/usart.c ****   {
  47:Core/Src/usart.c ****     Error_Handler();
  48:Core/Src/usart.c ****   }
  49:Core/Src/usart.c **** 
  50:Core/Src/usart.c **** }
  80              		.loc 1 50 1 view .LVU24
  81 0028 08BD     		pop	{r3, pc}
  82              	.L4:
  47:Core/Src/usart.c ****   }
  83              		.loc 1 47 5 is_stmt 1 view .LVU25
  84 002a FFF7FEFF 		bl	Error_Handler
  85              	.LVL1:
  86              		.loc 1 50 1 is_stmt 0 view .LVU26
  87 002e FBE7     		b	.L1
  88              	.L6:
  89              		.align	2
  90              	.L5:
  91 0030 00000000 		.word	huart1
  92 0034 00380140 		.word	1073821696
  93              		.cfi_endproc
  94              	.LFE123:
  96              		.section	.text.HAL_UART_MspInit,"ax",%progbits
  97              		.align	1
  98              		.global	HAL_UART_MspInit
  99              		.syntax unified
 100              		.thumb
 101              		.thumb_func
 102              		.fpu fpv4-sp-d16
 104              	HAL_UART_MspInit:
 105              	.LVL2:
 106              	.LFB124:
  51:Core/Src/usart.c **** 
  52:Core/Src/usart.c **** void HAL_UART_MspInit(UART_HandleTypeDef* uartHandle)
  53:Core/Src/usart.c **** {
 107              		.loc 1 53 1 is_stmt 1 view -0
 108              		.cfi_startproc
 109              		@ args = 0, pretend = 0, frame = 32
 110              		@ frame_needed = 0, uses_anonymous_args = 0
 111              		.loc 1 53 1 is_stmt 0 view .LVU28
 112 0000 30B5     		push	{r4, r5, lr}
 113              	.LCFI1:
 114              		.cfi_def_cfa_offset 12
 115              		.cfi_offset 4, -12
 116              		.cfi_offset 5, -8
 117              		.cfi_offset 14, -4
 118 0002 89B0     		sub	sp, sp, #36
 119              	.LCFI2:
 120              		.cfi_def_cfa_offset 48
ARM GAS  C:\Users\pierr\AppData\Local\Temp\ccqBHxDc.s 			page 4


  54:Core/Src/usart.c **** 
  55:Core/Src/usart.c ****   GPIO_InitTypeDef GPIO_InitStruct = {0};
 121              		.loc 1 55 3 is_stmt 1 view .LVU29
 122              		.loc 1 55 20 is_stmt 0 view .LVU30
 123 0004 0023     		movs	r3, #0
 124 0006 0393     		str	r3, [sp, #12]
 125 0008 0493     		str	r3, [sp, #16]
 126 000a 0593     		str	r3, [sp, #20]
 127 000c 0693     		str	r3, [sp, #24]
 128 000e 0793     		str	r3, [sp, #28]
  56:Core/Src/usart.c ****   if(uartHandle->Instance==USART1)
 129              		.loc 1 56 3 is_stmt 1 view .LVU31
 130              		.loc 1 56 16 is_stmt 0 view .LVU32
 131 0010 0268     		ldr	r2, [r0]
 132              		.loc 1 56 5 view .LVU33
 133 0012 1F4B     		ldr	r3, .L13
 134 0014 9A42     		cmp	r2, r3
 135 0016 01D0     		beq	.L11
 136              	.LVL3:
 137              	.L7:
  57:Core/Src/usart.c ****   {
  58:Core/Src/usart.c ****   /* USER CODE BEGIN USART1_MspInit 0 */
  59:Core/Src/usart.c **** 
  60:Core/Src/usart.c ****   /* USER CODE END USART1_MspInit 0 */
  61:Core/Src/usart.c ****     /* USART1 clock enable */
  62:Core/Src/usart.c ****     __HAL_RCC_USART1_CLK_ENABLE();
  63:Core/Src/usart.c **** 
  64:Core/Src/usart.c ****     __HAL_RCC_GPIOA_CLK_ENABLE();
  65:Core/Src/usart.c ****     /**USART1 GPIO Configuration
  66:Core/Src/usart.c ****     PA9     ------> USART1_TX
  67:Core/Src/usart.c ****     PA10     ------> USART1_RX
  68:Core/Src/usart.c ****     */
  69:Core/Src/usart.c ****     GPIO_InitStruct.Pin = GPIO_PIN_9|GPIO_PIN_10;
  70:Core/Src/usart.c ****     GPIO_InitStruct.Mode = GPIO_MODE_AF_PP;
  71:Core/Src/usart.c ****     GPIO_InitStruct.Pull = GPIO_NOPULL;
  72:Core/Src/usart.c ****     GPIO_InitStruct.Speed = GPIO_SPEED_FREQ_HIGH;
  73:Core/Src/usart.c ****     GPIO_InitStruct.Alternate = GPIO_AF7_USART1;
  74:Core/Src/usart.c ****     HAL_GPIO_Init(GPIOA, &GPIO_InitStruct);
  75:Core/Src/usart.c **** 
  76:Core/Src/usart.c ****     /* USART1 DMA Init */
  77:Core/Src/usart.c ****     /* USART1_RX Init */
  78:Core/Src/usart.c ****     hdma_usart1_rx.Instance = DMA1_Channel5;
  79:Core/Src/usart.c ****     hdma_usart1_rx.Init.Direction = DMA_PERIPH_TO_MEMORY;
  80:Core/Src/usart.c ****     hdma_usart1_rx.Init.PeriphInc = DMA_PINC_DISABLE;
  81:Core/Src/usart.c ****     hdma_usart1_rx.Init.MemInc = DMA_MINC_ENABLE;
  82:Core/Src/usart.c ****     hdma_usart1_rx.Init.PeriphDataAlignment = DMA_PDATAALIGN_BYTE;
  83:Core/Src/usart.c ****     hdma_usart1_rx.Init.MemDataAlignment = DMA_MDATAALIGN_BYTE;
  84:Core/Src/usart.c ****     hdma_usart1_rx.Init.Mode = DMA_NORMAL;
  85:Core/Src/usart.c ****     hdma_usart1_rx.Init.Priority = DMA_PRIORITY_LOW;
  86:Core/Src/usart.c ****     if (HAL_DMA_Init(&hdma_usart1_rx) != HAL_OK)
  87:Core/Src/usart.c ****     {
  88:Core/Src/usart.c ****       Error_Handler();
  89:Core/Src/usart.c ****     }
  90:Core/Src/usart.c **** 
  91:Core/Src/usart.c ****     __HAL_LINKDMA(uartHandle,hdmarx,hdma_usart1_rx);
  92:Core/Src/usart.c **** 
  93:Core/Src/usart.c ****   /* USER CODE BEGIN USART1_MspInit 1 */
ARM GAS  C:\Users\pierr\AppData\Local\Temp\ccqBHxDc.s 			page 5


  94:Core/Src/usart.c **** 
  95:Core/Src/usart.c ****   /* USER CODE END USART1_MspInit 1 */
  96:Core/Src/usart.c ****   }
  97:Core/Src/usart.c **** }
 138              		.loc 1 97 1 view .LVU34
 139 0018 09B0     		add	sp, sp, #36
 140              	.LCFI3:
 141              		.cfi_remember_state
 142              		.cfi_def_cfa_offset 12
 143              		@ sp needed
 144 001a 30BD     		pop	{r4, r5, pc}
 145              	.LVL4:
 146              	.L11:
 147              	.LCFI4:
 148              		.cfi_restore_state
 149              		.loc 1 97 1 view .LVU35
 150 001c 0446     		mov	r4, r0
  62:Core/Src/usart.c **** 
 151              		.loc 1 62 5 is_stmt 1 view .LVU36
 152              	.LBB2:
  62:Core/Src/usart.c **** 
 153              		.loc 1 62 5 view .LVU37
  62:Core/Src/usart.c **** 
 154              		.loc 1 62 5 view .LVU38
 155 001e 03F55843 		add	r3, r3, #55296
 156 0022 9A69     		ldr	r2, [r3, #24]
 157 0024 42F48042 		orr	r2, r2, #16384
 158 0028 9A61     		str	r2, [r3, #24]
  62:Core/Src/usart.c **** 
 159              		.loc 1 62 5 view .LVU39
 160 002a 9A69     		ldr	r2, [r3, #24]
 161 002c 02F48042 		and	r2, r2, #16384
 162 0030 0192     		str	r2, [sp, #4]
  62:Core/Src/usart.c **** 
 163              		.loc 1 62 5 view .LVU40
 164 0032 019A     		ldr	r2, [sp, #4]
 165              	.LBE2:
  62:Core/Src/usart.c **** 
 166              		.loc 1 62 5 view .LVU41
  64:Core/Src/usart.c ****     /**USART1 GPIO Configuration
 167              		.loc 1 64 5 view .LVU42
 168              	.LBB3:
  64:Core/Src/usart.c ****     /**USART1 GPIO Configuration
 169              		.loc 1 64 5 view .LVU43
  64:Core/Src/usart.c ****     /**USART1 GPIO Configuration
 170              		.loc 1 64 5 view .LVU44
 171 0034 5A69     		ldr	r2, [r3, #20]
 172 0036 42F40032 		orr	r2, r2, #131072
 173 003a 5A61     		str	r2, [r3, #20]
  64:Core/Src/usart.c ****     /**USART1 GPIO Configuration
 174              		.loc 1 64 5 view .LVU45
 175 003c 5B69     		ldr	r3, [r3, #20]
 176 003e 03F40033 		and	r3, r3, #131072
 177 0042 0293     		str	r3, [sp, #8]
  64:Core/Src/usart.c ****     /**USART1 GPIO Configuration
 178              		.loc 1 64 5 view .LVU46
 179 0044 029B     		ldr	r3, [sp, #8]
ARM GAS  C:\Users\pierr\AppData\Local\Temp\ccqBHxDc.s 			page 6


 180              	.LBE3:
  64:Core/Src/usart.c ****     /**USART1 GPIO Configuration
 181              		.loc 1 64 5 view .LVU47
  69:Core/Src/usart.c ****     GPIO_InitStruct.Mode = GPIO_MODE_AF_PP;
 182              		.loc 1 69 5 view .LVU48
  69:Core/Src/usart.c ****     GPIO_InitStruct.Mode = GPIO_MODE_AF_PP;
 183              		.loc 1 69 25 is_stmt 0 view .LVU49
 184 0046 4FF4C063 		mov	r3, #1536
 185 004a 0393     		str	r3, [sp, #12]
  70:Core/Src/usart.c ****     GPIO_InitStruct.Pull = GPIO_NOPULL;
 186              		.loc 1 70 5 is_stmt 1 view .LVU50
  70:Core/Src/usart.c ****     GPIO_InitStruct.Pull = GPIO_NOPULL;
 187              		.loc 1 70 26 is_stmt 0 view .LVU51
 188 004c 0223     		movs	r3, #2
 189 004e 0493     		str	r3, [sp, #16]
  71:Core/Src/usart.c ****     GPIO_InitStruct.Speed = GPIO_SPEED_FREQ_HIGH;
 190              		.loc 1 71 5 is_stmt 1 view .LVU52
  71:Core/Src/usart.c ****     GPIO_InitStruct.Speed = GPIO_SPEED_FREQ_HIGH;
 191              		.loc 1 71 26 is_stmt 0 view .LVU53
 192 0050 0025     		movs	r5, #0
 193 0052 0595     		str	r5, [sp, #20]
  72:Core/Src/usart.c ****     GPIO_InitStruct.Alternate = GPIO_AF7_USART1;
 194              		.loc 1 72 5 is_stmt 1 view .LVU54
  72:Core/Src/usart.c ****     GPIO_InitStruct.Alternate = GPIO_AF7_USART1;
 195              		.loc 1 72 27 is_stmt 0 view .LVU55
 196 0054 0323     		movs	r3, #3
 197 0056 0693     		str	r3, [sp, #24]
  73:Core/Src/usart.c ****     HAL_GPIO_Init(GPIOA, &GPIO_InitStruct);
 198              		.loc 1 73 5 is_stmt 1 view .LVU56
  73:Core/Src/usart.c ****     HAL_GPIO_Init(GPIOA, &GPIO_InitStruct);
 199              		.loc 1 73 31 is_stmt 0 view .LVU57
 200 0058 0723     		movs	r3, #7
 201 005a 0793     		str	r3, [sp, #28]
  74:Core/Src/usart.c **** 
 202              		.loc 1 74 5 is_stmt 1 view .LVU58
 203 005c 03A9     		add	r1, sp, #12
 204 005e 4FF09040 		mov	r0, #1207959552
 205              	.LVL5:
  74:Core/Src/usart.c **** 
 206              		.loc 1 74 5 is_stmt 0 view .LVU59
 207 0062 FFF7FEFF 		bl	HAL_GPIO_Init
 208              	.LVL6:
  78:Core/Src/usart.c ****     hdma_usart1_rx.Init.Direction = DMA_PERIPH_TO_MEMORY;
 209              		.loc 1 78 5 is_stmt 1 view .LVU60
  78:Core/Src/usart.c ****     hdma_usart1_rx.Init.Direction = DMA_PERIPH_TO_MEMORY;
 210              		.loc 1 78 29 is_stmt 0 view .LVU61
 211 0066 0B48     		ldr	r0, .L13+4
 212 0068 0B4B     		ldr	r3, .L13+8
 213 006a 0360     		str	r3, [r0]
  79:Core/Src/usart.c ****     hdma_usart1_rx.Init.PeriphInc = DMA_PINC_DISABLE;
 214              		.loc 1 79 5 is_stmt 1 view .LVU62
  79:Core/Src/usart.c ****     hdma_usart1_rx.Init.PeriphInc = DMA_PINC_DISABLE;
 215              		.loc 1 79 35 is_stmt 0 view .LVU63
 216 006c 4560     		str	r5, [r0, #4]
  80:Core/Src/usart.c ****     hdma_usart1_rx.Init.MemInc = DMA_MINC_ENABLE;
 217              		.loc 1 80 5 is_stmt 1 view .LVU64
  80:Core/Src/usart.c ****     hdma_usart1_rx.Init.MemInc = DMA_MINC_ENABLE;
ARM GAS  C:\Users\pierr\AppData\Local\Temp\ccqBHxDc.s 			page 7


 218              		.loc 1 80 35 is_stmt 0 view .LVU65
 219 006e 8560     		str	r5, [r0, #8]
  81:Core/Src/usart.c ****     hdma_usart1_rx.Init.PeriphDataAlignment = DMA_PDATAALIGN_BYTE;
 220              		.loc 1 81 5 is_stmt 1 view .LVU66
  81:Core/Src/usart.c ****     hdma_usart1_rx.Init.PeriphDataAlignment = DMA_PDATAALIGN_BYTE;
 221              		.loc 1 81 32 is_stmt 0 view .LVU67
 222 0070 8023     		movs	r3, #128
 223 0072 C360     		str	r3, [r0, #12]
  82:Core/Src/usart.c ****     hdma_usart1_rx.Init.MemDataAlignment = DMA_MDATAALIGN_BYTE;
 224              		.loc 1 82 5 is_stmt 1 view .LVU68
  82:Core/Src/usart.c ****     hdma_usart1_rx.Init.MemDataAlignment = DMA_MDATAALIGN_BYTE;
 225              		.loc 1 82 45 is_stmt 0 view .LVU69
 226 0074 0561     		str	r5, [r0, #16]
  83:Core/Src/usart.c ****     hdma_usart1_rx.Init.Mode = DMA_NORMAL;
 227              		.loc 1 83 5 is_stmt 1 view .LVU70
  83:Core/Src/usart.c ****     hdma_usart1_rx.Init.Mode = DMA_NORMAL;
 228              		.loc 1 83 42 is_stmt 0 view .LVU71
 229 0076 4561     		str	r5, [r0, #20]
  84:Core/Src/usart.c ****     hdma_usart1_rx.Init.Priority = DMA_PRIORITY_LOW;
 230              		.loc 1 84 5 is_stmt 1 view .LVU72
  84:Core/Src/usart.c ****     hdma_usart1_rx.Init.Priority = DMA_PRIORITY_LOW;
 231              		.loc 1 84 30 is_stmt 0 view .LVU73
 232 0078 8561     		str	r5, [r0, #24]
  85:Core/Src/usart.c ****     if (HAL_DMA_Init(&hdma_usart1_rx) != HAL_OK)
 233              		.loc 1 85 5 is_stmt 1 view .LVU74
  85:Core/Src/usart.c ****     if (HAL_DMA_Init(&hdma_usart1_rx) != HAL_OK)
 234              		.loc 1 85 34 is_stmt 0 view .LVU75
 235 007a C561     		str	r5, [r0, #28]
  86:Core/Src/usart.c ****     {
 236              		.loc 1 86 5 is_stmt 1 view .LVU76
  86:Core/Src/usart.c ****     {
 237              		.loc 1 86 9 is_stmt 0 view .LVU77
 238 007c FFF7FEFF 		bl	HAL_DMA_Init
 239              	.LVL7:
  86:Core/Src/usart.c ****     {
 240              		.loc 1 86 8 view .LVU78
 241 0080 18B9     		cbnz	r0, .L12
 242              	.L9:
  91:Core/Src/usart.c **** 
 243              		.loc 1 91 5 is_stmt 1 view .LVU79
  91:Core/Src/usart.c **** 
 244              		.loc 1 91 5 view .LVU80
 245 0082 044B     		ldr	r3, .L13+4
 246 0084 2367     		str	r3, [r4, #112]
  91:Core/Src/usart.c **** 
 247              		.loc 1 91 5 view .LVU81
 248 0086 5C62     		str	r4, [r3, #36]
  91:Core/Src/usart.c **** 
 249              		.loc 1 91 5 view .LVU82
 250              		.loc 1 97 1 is_stmt 0 view .LVU83
 251 0088 C6E7     		b	.L7
 252              	.L12:
  88:Core/Src/usart.c ****     }
 253              		.loc 1 88 7 is_stmt 1 view .LVU84
 254 008a FFF7FEFF 		bl	Error_Handler
 255              	.LVL8:
 256 008e F8E7     		b	.L9
ARM GAS  C:\Users\pierr\AppData\Local\Temp\ccqBHxDc.s 			page 8


 257              	.L14:
 258              		.align	2
 259              	.L13:
 260 0090 00380140 		.word	1073821696
 261 0094 00000000 		.word	hdma_usart1_rx
 262 0098 58000240 		.word	1073872984
 263              		.cfi_endproc
 264              	.LFE124:
 266              		.section	.text.HAL_UART_MspDeInit,"ax",%progbits
 267              		.align	1
 268              		.global	HAL_UART_MspDeInit
 269              		.syntax unified
 270              		.thumb
 271              		.thumb_func
 272              		.fpu fpv4-sp-d16
 274              	HAL_UART_MspDeInit:
 275              	.LVL9:
 276              	.LFB125:
  98:Core/Src/usart.c **** 
  99:Core/Src/usart.c **** void HAL_UART_MspDeInit(UART_HandleTypeDef* uartHandle)
 100:Core/Src/usart.c **** {
 277              		.loc 1 100 1 view -0
 278              		.cfi_startproc
 279              		@ args = 0, pretend = 0, frame = 0
 280              		@ frame_needed = 0, uses_anonymous_args = 0
 101:Core/Src/usart.c **** 
 102:Core/Src/usart.c ****   if(uartHandle->Instance==USART1)
 281              		.loc 1 102 3 view .LVU86
 282              		.loc 1 102 16 is_stmt 0 view .LVU87
 283 0000 0268     		ldr	r2, [r0]
 284              		.loc 1 102 5 view .LVU88
 285 0002 0A4B     		ldr	r3, .L22
 286 0004 9A42     		cmp	r2, r3
 287 0006 00D0     		beq	.L21
 288 0008 7047     		bx	lr
 289              	.L21:
 100:Core/Src/usart.c **** 
 290              		.loc 1 100 1 view .LVU89
 291 000a 10B5     		push	{r4, lr}
 292              	.LCFI5:
 293              		.cfi_def_cfa_offset 8
 294              		.cfi_offset 4, -8
 295              		.cfi_offset 14, -4
 296 000c 0446     		mov	r4, r0
 103:Core/Src/usart.c ****   {
 104:Core/Src/usart.c ****   /* USER CODE BEGIN USART1_MspDeInit 0 */
 105:Core/Src/usart.c **** 
 106:Core/Src/usart.c ****   /* USER CODE END USART1_MspDeInit 0 */
 107:Core/Src/usart.c ****     /* Peripheral clock disable */
 108:Core/Src/usart.c ****     __HAL_RCC_USART1_CLK_DISABLE();
 297              		.loc 1 108 5 is_stmt 1 view .LVU90
 298 000e 084A     		ldr	r2, .L22+4
 299 0010 9369     		ldr	r3, [r2, #24]
 300 0012 23F48043 		bic	r3, r3, #16384
 301 0016 9361     		str	r3, [r2, #24]
 109:Core/Src/usart.c **** 
 110:Core/Src/usart.c ****     /**USART1 GPIO Configuration
ARM GAS  C:\Users\pierr\AppData\Local\Temp\ccqBHxDc.s 			page 9


 111:Core/Src/usart.c ****     PA9     ------> USART1_TX
 112:Core/Src/usart.c ****     PA10     ------> USART1_RX
 113:Core/Src/usart.c ****     */
 114:Core/Src/usart.c ****     HAL_GPIO_DeInit(GPIOA, GPIO_PIN_9|GPIO_PIN_10);
 302              		.loc 1 114 5 view .LVU91
 303 0018 4FF4C061 		mov	r1, #1536
 304 001c 4FF09040 		mov	r0, #1207959552
 305              	.LVL10:
 306              		.loc 1 114 5 is_stmt 0 view .LVU92
 307 0020 FFF7FEFF 		bl	HAL_GPIO_DeInit
 308              	.LVL11:
 115:Core/Src/usart.c **** 
 116:Core/Src/usart.c ****     /* USART1 DMA DeInit */
 117:Core/Src/usart.c ****     HAL_DMA_DeInit(uartHandle->hdmarx);
 309              		.loc 1 117 5 is_stmt 1 view .LVU93
 310 0024 206F     		ldr	r0, [r4, #112]
 311 0026 FFF7FEFF 		bl	HAL_DMA_DeInit
 312              	.LVL12:
 118:Core/Src/usart.c ****   /* USER CODE BEGIN USART1_MspDeInit 1 */
 119:Core/Src/usart.c **** 
 120:Core/Src/usart.c ****   /* USER CODE END USART1_MspDeInit 1 */
 121:Core/Src/usart.c ****   }
 122:Core/Src/usart.c **** }
 313              		.loc 1 122 1 is_stmt 0 view .LVU94
 314 002a 10BD     		pop	{r4, pc}
 315              	.LVL13:
 316              	.L23:
 317              		.loc 1 122 1 view .LVU95
 318              		.align	2
 319              	.L22:
 320 002c 00380140 		.word	1073821696
 321 0030 00100240 		.word	1073876992
 322              		.cfi_endproc
 323              	.LFE125:
 325              		.comm	hdma_usart1_rx,68,4
 326              		.comm	huart1,132,4
 327              		.text
 328              	.Letext0:
 329              		.file 2 "c:\\users\\pierr\\.vscode\\extensions\\buzzyelectronics.stm-helper-1.2.9\\armgcc\\arm-non
 330              		.file 3 "c:\\users\\pierr\\.vscode\\extensions\\buzzyelectronics.stm-helper-1.2.9\\armgcc\\arm-non
 331              		.file 4 "Drivers/CMSIS/Include/core_cm4.h"
 332              		.file 5 "Drivers/CMSIS/Device/ST/STM32F3xx/Include/system_stm32f3xx.h"
 333              		.file 6 "Drivers/CMSIS/Device/ST/STM32F3xx/Include/stm32f302x8.h"
 334              		.file 7 "Drivers/STM32F3xx_HAL_Driver/Inc/stm32f3xx_hal_def.h"
 335              		.file 8 "Drivers/STM32F3xx_HAL_Driver/Inc/stm32f3xx_hal_gpio.h"
 336              		.file 9 "Drivers/STM32F3xx_HAL_Driver/Inc/stm32f3xx_hal_dma.h"
 337              		.file 10 "Drivers/STM32F3xx_HAL_Driver/Inc/stm32f3xx_hal_uart.h"
 338              		.file 11 "Drivers/STM32F3xx_HAL_Driver/Inc/stm32f3xx_hal.h"
 339              		.file 12 "c:\\users\\pierr\\.vscode\\extensions\\buzzyelectronics.stm-helper-1.2.9\\armgcc\\arm-no
 340              		.file 13 "c:\\users\\pierr\\.vscode\\extensions\\buzzyelectronics.stm-helper-1.2.9\\armgcc\\arm-no
 341              		.file 14 "c:\\users\\pierr\\.vscode\\extensions\\buzzyelectronics.stm-helper-1.2.9\\armgcc\\lib\\g
 342              		.file 15 "c:\\users\\pierr\\.vscode\\extensions\\buzzyelectronics.stm-helper-1.2.9\\armgcc\\arm-no
 343              		.file 16 "Core/Inc/usart.h"
 344              		.file 17 "Core/Inc/main.h"
ARM GAS  C:\Users\pierr\AppData\Local\Temp\ccqBHxDc.s 			page 10


DEFINED SYMBOLS
                            *ABS*:0000000000000000 usart.c
C:\Users\pierr\AppData\Local\Temp\ccqBHxDc.s:18     .text.MX_USART1_UART_Init:0000000000000000 $t
C:\Users\pierr\AppData\Local\Temp\ccqBHxDc.s:26     .text.MX_USART1_UART_Init:0000000000000000 MX_USART1_UART_Init
C:\Users\pierr\AppData\Local\Temp\ccqBHxDc.s:91     .text.MX_USART1_UART_Init:0000000000000030 $d
                            *COM*:0000000000000084 huart1
C:\Users\pierr\AppData\Local\Temp\ccqBHxDc.s:97     .text.HAL_UART_MspInit:0000000000000000 $t
C:\Users\pierr\AppData\Local\Temp\ccqBHxDc.s:104    .text.HAL_UART_MspInit:0000000000000000 HAL_UART_MspInit
C:\Users\pierr\AppData\Local\Temp\ccqBHxDc.s:260    .text.HAL_UART_MspInit:0000000000000090 $d
                            *COM*:0000000000000044 hdma_usart1_rx
C:\Users\pierr\AppData\Local\Temp\ccqBHxDc.s:267    .text.HAL_UART_MspDeInit:0000000000000000 $t
C:\Users\pierr\AppData\Local\Temp\ccqBHxDc.s:274    .text.HAL_UART_MspDeInit:0000000000000000 HAL_UART_MspDeInit
C:\Users\pierr\AppData\Local\Temp\ccqBHxDc.s:320    .text.HAL_UART_MspDeInit:000000000000002c $d

UNDEFINED SYMBOLS
HAL_UART_Init
Error_Handler
HAL_GPIO_Init
HAL_DMA_Init
HAL_GPIO_DeInit
HAL_DMA_DeInit
