ARM GAS  C:\Users\PIERRE~1\AppData\Local\Temp\ccfMgmmQ.s 			page 1


   1              		.cpu cortex-m4
   2              		.eabi_attribute 27, 1
   3              		.eabi_attribute 28, 1
   4              		.eabi_attribute 20, 1
   5              		.eabi_attribute 21, 1
   6              		.eabi_attribute 23, 3
   7              		.eabi_attribute 24, 1
   8              		.eabi_attribute 25, 1
   9              		.eabi_attribute 26, 1
  10              		.eabi_attribute 30, 1
  11              		.eabi_attribute 34, 1
  12              		.eabi_attribute 18, 4
  13              		.file	"usb.c"
  14              		.text
  15              	.Ltext0:
  16              		.cfi_sections	.debug_frame
  17              		.section	.text.MX_USB_PCD_Init,"ax",%progbits
  18              		.align	1
  19              		.global	MX_USB_PCD_Init
  20              		.arch armv7e-m
  21              		.syntax unified
  22              		.thumb
  23              		.thumb_func
  24              		.fpu fpv4-sp-d16
  26              	MX_USB_PCD_Init:
  27              	.LFB126:
  28              		.file 1 "Core/Src/usb.c"
   1:Core/Src/usb.c **** /**
   2:Core/Src/usb.c ****   ******************************************************************************
   3:Core/Src/usb.c ****   * @file    usb.c
   4:Core/Src/usb.c ****   * @brief   This file provides code for the configuration
   5:Core/Src/usb.c ****   *          of the USB instances.
   6:Core/Src/usb.c ****   ******************************************************************************
   7:Core/Src/usb.c ****   * @attention
   8:Core/Src/usb.c ****   *
   9:Core/Src/usb.c ****   * <h2><center>&copy; Copyright (c) 2022 STMicroelectronics.
  10:Core/Src/usb.c ****   * All rights reserved.</center></h2>
  11:Core/Src/usb.c ****   *
  12:Core/Src/usb.c ****   * This software component is licensed by ST under BSD 3-Clause license,
  13:Core/Src/usb.c ****   * the "License"; You may not use this file except in compliance with the
  14:Core/Src/usb.c ****   * License. You may obtain a copy of the License at:
  15:Core/Src/usb.c ****   *                        opensource.org/licenses/BSD-3-Clause
  16:Core/Src/usb.c ****   *
  17:Core/Src/usb.c ****   ******************************************************************************
  18:Core/Src/usb.c ****   */
  19:Core/Src/usb.c **** 
  20:Core/Src/usb.c **** /* Includes ------------------------------------------------------------------*/
  21:Core/Src/usb.c **** #include "usb.h"
  22:Core/Src/usb.c **** 
  23:Core/Src/usb.c **** /* USER CODE BEGIN 0 */
  24:Core/Src/usb.c **** 
  25:Core/Src/usb.c **** /* USER CODE END 0 */
  26:Core/Src/usb.c **** 
  27:Core/Src/usb.c **** PCD_HandleTypeDef hpcd_USB_FS;
  28:Core/Src/usb.c **** 
  29:Core/Src/usb.c **** /* USB init function */
  30:Core/Src/usb.c **** 
ARM GAS  C:\Users\PIERRE~1\AppData\Local\Temp\ccfMgmmQ.s 			page 2


  31:Core/Src/usb.c **** void MX_USB_PCD_Init(void)
  32:Core/Src/usb.c **** {
  29              		.loc 1 32 1 view -0
  30              		.cfi_startproc
  31              		@ args = 0, pretend = 0, frame = 0
  32              		@ frame_needed = 0, uses_anonymous_args = 0
  33 0000 08B5     		push	{r3, lr}
  34              	.LCFI0:
  35              		.cfi_def_cfa_offset 8
  36              		.cfi_offset 3, -8
  37              		.cfi_offset 14, -4
  33:Core/Src/usb.c **** 
  34:Core/Src/usb.c ****   hpcd_USB_FS.Instance = USB;
  38              		.loc 1 34 3 view .LVU1
  39              		.loc 1 34 24 is_stmt 0 view .LVU2
  40 0002 0948     		ldr	r0, .L5
  41 0004 094B     		ldr	r3, .L5+4
  42 0006 0360     		str	r3, [r0]
  35:Core/Src/usb.c ****   hpcd_USB_FS.Init.dev_endpoints = 8;
  43              		.loc 1 35 3 is_stmt 1 view .LVU3
  44              		.loc 1 35 34 is_stmt 0 view .LVU4
  45 0008 0823     		movs	r3, #8
  46 000a 4360     		str	r3, [r0, #4]
  36:Core/Src/usb.c ****   hpcd_USB_FS.Init.speed = PCD_SPEED_FULL;
  47              		.loc 1 36 3 is_stmt 1 view .LVU5
  48              		.loc 1 36 26 is_stmt 0 view .LVU6
  49 000c 0223     		movs	r3, #2
  50 000e 8360     		str	r3, [r0, #8]
  37:Core/Src/usb.c ****   hpcd_USB_FS.Init.phy_itface = PCD_PHY_EMBEDDED;
  51              		.loc 1 37 3 is_stmt 1 view .LVU7
  52              		.loc 1 37 31 is_stmt 0 view .LVU8
  53 0010 0361     		str	r3, [r0, #16]
  38:Core/Src/usb.c ****   hpcd_USB_FS.Init.low_power_enable = DISABLE;
  54              		.loc 1 38 3 is_stmt 1 view .LVU9
  55              		.loc 1 38 37 is_stmt 0 view .LVU10
  56 0012 0023     		movs	r3, #0
  57 0014 8361     		str	r3, [r0, #24]
  39:Core/Src/usb.c ****   hpcd_USB_FS.Init.battery_charging_enable = DISABLE;
  58              		.loc 1 39 3 is_stmt 1 view .LVU11
  59              		.loc 1 39 44 is_stmt 0 view .LVU12
  60 0016 0362     		str	r3, [r0, #32]
  40:Core/Src/usb.c ****   if (HAL_PCD_Init(&hpcd_USB_FS) != HAL_OK)
  61              		.loc 1 40 3 is_stmt 1 view .LVU13
  62              		.loc 1 40 7 is_stmt 0 view .LVU14
  63 0018 FFF7FEFF 		bl	HAL_PCD_Init
  64              	.LVL0:
  65              		.loc 1 40 6 view .LVU15
  66 001c 00B9     		cbnz	r0, .L4
  67              	.L1:
  41:Core/Src/usb.c ****   {
  42:Core/Src/usb.c ****     Error_Handler();
  43:Core/Src/usb.c ****   }
  44:Core/Src/usb.c **** 
  45:Core/Src/usb.c **** }
  68              		.loc 1 45 1 view .LVU16
  69 001e 08BD     		pop	{r3, pc}
  70              	.L4:
ARM GAS  C:\Users\PIERRE~1\AppData\Local\Temp\ccfMgmmQ.s 			page 3


  42:Core/Src/usb.c ****   }
  71              		.loc 1 42 5 is_stmt 1 view .LVU17
  72 0020 FFF7FEFF 		bl	Error_Handler
  73              	.LVL1:
  74              		.loc 1 45 1 is_stmt 0 view .LVU18
  75 0024 FBE7     		b	.L1
  76              	.L6:
  77 0026 00BF     		.align	2
  78              	.L5:
  79 0028 00000000 		.word	hpcd_USB_FS
  80 002c 005C0040 		.word	1073765376
  81              		.cfi_endproc
  82              	.LFE126:
  84              		.section	.text.HAL_PCD_MspInit,"ax",%progbits
  85              		.align	1
  86              		.global	HAL_PCD_MspInit
  87              		.syntax unified
  88              		.thumb
  89              		.thumb_func
  90              		.fpu fpv4-sp-d16
  92              	HAL_PCD_MspInit:
  93              	.LVL2:
  94              	.LFB127:
  46:Core/Src/usb.c **** 
  47:Core/Src/usb.c **** void HAL_PCD_MspInit(PCD_HandleTypeDef* pcdHandle)
  48:Core/Src/usb.c **** {
  95              		.loc 1 48 1 is_stmt 1 view -0
  96              		.cfi_startproc
  97              		@ args = 0, pretend = 0, frame = 8
  98              		@ frame_needed = 0, uses_anonymous_args = 0
  99              		@ link register save eliminated.
  49:Core/Src/usb.c **** 
  50:Core/Src/usb.c ****   if(pcdHandle->Instance==USB)
 100              		.loc 1 50 3 view .LVU20
 101              		.loc 1 50 15 is_stmt 0 view .LVU21
 102 0000 0268     		ldr	r2, [r0]
 103              		.loc 1 50 5 view .LVU22
 104 0002 094B     		ldr	r3, .L14
 105 0004 9A42     		cmp	r2, r3
 106 0006 00D0     		beq	.L13
 107 0008 7047     		bx	lr
 108              	.L13:
  48:Core/Src/usb.c **** 
 109              		.loc 1 48 1 view .LVU23
 110 000a 82B0     		sub	sp, sp, #8
 111              	.LCFI1:
 112              		.cfi_def_cfa_offset 8
  51:Core/Src/usb.c ****   {
  52:Core/Src/usb.c ****   /* USER CODE BEGIN USB_MspInit 0 */
  53:Core/Src/usb.c **** 
  54:Core/Src/usb.c ****   /* USER CODE END USB_MspInit 0 */
  55:Core/Src/usb.c ****     /* USB clock enable */
  56:Core/Src/usb.c ****     __HAL_RCC_USB_CLK_ENABLE();
 113              		.loc 1 56 5 is_stmt 1 view .LVU24
 114              	.LBB2:
 115              		.loc 1 56 5 view .LVU25
 116              		.loc 1 56 5 view .LVU26
ARM GAS  C:\Users\PIERRE~1\AppData\Local\Temp\ccfMgmmQ.s 			page 4


 117 000c 03F5DA33 		add	r3, r3, #111616
 118 0010 DA69     		ldr	r2, [r3, #28]
 119 0012 42F40002 		orr	r2, r2, #8388608
 120 0016 DA61     		str	r2, [r3, #28]
 121              		.loc 1 56 5 view .LVU27
 122 0018 DB69     		ldr	r3, [r3, #28]
 123 001a 03F40003 		and	r3, r3, #8388608
 124 001e 0193     		str	r3, [sp, #4]
 125              		.loc 1 56 5 view .LVU28
 126 0020 019B     		ldr	r3, [sp, #4]
 127              	.LBE2:
 128              		.loc 1 56 5 view .LVU29
  57:Core/Src/usb.c ****   /* USER CODE BEGIN USB_MspInit 1 */
  58:Core/Src/usb.c **** 
  59:Core/Src/usb.c ****   /* USER CODE END USB_MspInit 1 */
  60:Core/Src/usb.c ****   }
  61:Core/Src/usb.c **** }
 129              		.loc 1 61 1 is_stmt 0 view .LVU30
 130 0022 02B0     		add	sp, sp, #8
 131              	.LCFI2:
 132              		.cfi_def_cfa_offset 0
 133              		@ sp needed
 134 0024 7047     		bx	lr
 135              	.L15:
 136 0026 00BF     		.align	2
 137              	.L14:
 138 0028 005C0040 		.word	1073765376
 139              		.cfi_endproc
 140              	.LFE127:
 142              		.section	.text.HAL_PCD_MspDeInit,"ax",%progbits
 143              		.align	1
 144              		.global	HAL_PCD_MspDeInit
 145              		.syntax unified
 146              		.thumb
 147              		.thumb_func
 148              		.fpu fpv4-sp-d16
 150              	HAL_PCD_MspDeInit:
 151              	.LVL3:
 152              	.LFB128:
  62:Core/Src/usb.c **** 
  63:Core/Src/usb.c **** void HAL_PCD_MspDeInit(PCD_HandleTypeDef* pcdHandle)
  64:Core/Src/usb.c **** {
 153              		.loc 1 64 1 is_stmt 1 view -0
 154              		.cfi_startproc
 155              		@ args = 0, pretend = 0, frame = 0
 156              		@ frame_needed = 0, uses_anonymous_args = 0
 157              		@ link register save eliminated.
  65:Core/Src/usb.c **** 
  66:Core/Src/usb.c ****   if(pcdHandle->Instance==USB)
 158              		.loc 1 66 3 view .LVU32
 159              		.loc 1 66 15 is_stmt 0 view .LVU33
 160 0000 0268     		ldr	r2, [r0]
 161              		.loc 1 66 5 view .LVU34
 162 0002 054B     		ldr	r3, .L19
 163 0004 9A42     		cmp	r2, r3
 164 0006 00D0     		beq	.L18
 165              	.L16:
ARM GAS  C:\Users\PIERRE~1\AppData\Local\Temp\ccfMgmmQ.s 			page 5


  67:Core/Src/usb.c ****   {
  68:Core/Src/usb.c ****   /* USER CODE BEGIN USB_MspDeInit 0 */
  69:Core/Src/usb.c **** 
  70:Core/Src/usb.c ****   /* USER CODE END USB_MspDeInit 0 */
  71:Core/Src/usb.c ****     /* Peripheral clock disable */
  72:Core/Src/usb.c ****     __HAL_RCC_USB_CLK_DISABLE();
  73:Core/Src/usb.c ****   /* USER CODE BEGIN USB_MspDeInit 1 */
  74:Core/Src/usb.c **** 
  75:Core/Src/usb.c ****   /* USER CODE END USB_MspDeInit 1 */
  76:Core/Src/usb.c ****   }
  77:Core/Src/usb.c **** }
 166              		.loc 1 77 1 view .LVU35
 167 0008 7047     		bx	lr
 168              	.L18:
  72:Core/Src/usb.c ****   /* USER CODE BEGIN USB_MspDeInit 1 */
 169              		.loc 1 72 5 is_stmt 1 view .LVU36
 170 000a 044A     		ldr	r2, .L19+4
 171 000c D369     		ldr	r3, [r2, #28]
 172 000e 23F40003 		bic	r3, r3, #8388608
 173 0012 D361     		str	r3, [r2, #28]
 174              		.loc 1 77 1 is_stmt 0 view .LVU37
 175 0014 F8E7     		b	.L16
 176              	.L20:
 177 0016 00BF     		.align	2
 178              	.L19:
 179 0018 005C0040 		.word	1073765376
 180 001c 00100240 		.word	1073876992
 181              		.cfi_endproc
 182              	.LFE128:
 184              		.comm	hpcd_USB_FS,748,4
 185              		.text
 186              	.Letext0:
 187              		.file 2 "c:\\users\\pierre-anthony\\.vscode\\extensions\\buzzyelectronics.stm-helper-1.2.9\\armgcc
 188              		.file 3 "c:\\users\\pierre-anthony\\.vscode\\extensions\\buzzyelectronics.stm-helper-1.2.9\\armgcc
 189              		.file 4 "Drivers/CMSIS/Include/core_cm4.h"
 190              		.file 5 "Drivers/CMSIS/Device/ST/STM32F3xx/Include/system_stm32f3xx.h"
 191              		.file 6 "Drivers/CMSIS/Device/ST/STM32F3xx/Include/stm32f302x8.h"
 192              		.file 7 "Drivers/CMSIS/Device/ST/STM32F3xx/Include/stm32f3xx.h"
 193              		.file 8 "Drivers/STM32F3xx_HAL_Driver/Inc/stm32f3xx_hal_def.h"
 194              		.file 9 "Drivers/STM32F3xx_HAL_Driver/Inc/stm32f3xx_ll_usb.h"
 195              		.file 10 "Drivers/STM32F3xx_HAL_Driver/Inc/stm32f3xx_hal_pcd.h"
 196              		.file 11 "Drivers/STM32F3xx_HAL_Driver/Inc/stm32f3xx_hal.h"
 197              		.file 12 "c:\\users\\pierre-anthony\\.vscode\\extensions\\buzzyelectronics.stm-helper-1.2.9\\armgc
 198              		.file 13 "c:\\users\\pierre-anthony\\.vscode\\extensions\\buzzyelectronics.stm-helper-1.2.9\\armgc
 199              		.file 14 "c:\\users\\pierre-anthony\\.vscode\\extensions\\buzzyelectronics.stm-helper-1.2.9\\armgc
 200              		.file 15 "c:\\users\\pierre-anthony\\.vscode\\extensions\\buzzyelectronics.stm-helper-1.2.9\\armgc
 201              		.file 16 "Core/Inc/usb.h"
 202              		.file 17 "Core/Inc/main.h"
ARM GAS  C:\Users\PIERRE~1\AppData\Local\Temp\ccfMgmmQ.s 			page 6


DEFINED SYMBOLS
                            *ABS*:0000000000000000 usb.c
C:\Users\PIERRE~1\AppData\Local\Temp\ccfMgmmQ.s:18     .text.MX_USB_PCD_Init:0000000000000000 $t
C:\Users\PIERRE~1\AppData\Local\Temp\ccfMgmmQ.s:26     .text.MX_USB_PCD_Init:0000000000000000 MX_USB_PCD_Init
C:\Users\PIERRE~1\AppData\Local\Temp\ccfMgmmQ.s:79     .text.MX_USB_PCD_Init:0000000000000028 $d
                            *COM*:00000000000002ec hpcd_USB_FS
C:\Users\PIERRE~1\AppData\Local\Temp\ccfMgmmQ.s:85     .text.HAL_PCD_MspInit:0000000000000000 $t
C:\Users\PIERRE~1\AppData\Local\Temp\ccfMgmmQ.s:92     .text.HAL_PCD_MspInit:0000000000000000 HAL_PCD_MspInit
C:\Users\PIERRE~1\AppData\Local\Temp\ccfMgmmQ.s:138    .text.HAL_PCD_MspInit:0000000000000028 $d
C:\Users\PIERRE~1\AppData\Local\Temp\ccfMgmmQ.s:143    .text.HAL_PCD_MspDeInit:0000000000000000 $t
C:\Users\PIERRE~1\AppData\Local\Temp\ccfMgmmQ.s:150    .text.HAL_PCD_MspDeInit:0000000000000000 HAL_PCD_MspDeInit
C:\Users\PIERRE~1\AppData\Local\Temp\ccfMgmmQ.s:179    .text.HAL_PCD_MspDeInit:0000000000000018 $d

UNDEFINED SYMBOLS
HAL_PCD_Init
Error_Handler
